c3:58:08 PM - Starting compilation in watch mode...

controllers/etasController copy.ts(3,38): error TS1005: ':' expected.

3:58:13 PM - Found 1 error. Watching for file changes.
c4:00:08 PM - File change detected. Starting incremental compilation...

controllers/etasController copy.ts(3,38): error TS1005: ':' expected.

4:00:10 PM - Found 1 error. Watching for file changes.
c4:03:19 PM - File change detected. Starting incremental compilation...

controllers/etasController copy.ts(3,38): error TS1005: ':' expected.

4:03:21 PM - Found 1 error. Watching for file changes.
c4:03:25 PM - File change detected. Starting incremental compilation...

controllers/etasController copy.ts(3,38): error TS1005: ':' expected.

4:03:25 PM - Found 1 error. Watching for file changes.
c4:03:32 PM - File change detected. Starting incremental compilation...

controllers/etasController copy.ts(3,38): error TS1005: ':' expected.

4:03:32 PM - Found 1 error. Watching for file changes.
c4:03:45 PM - File change detected. Starting incremental compilation...

controllers/etasController copy.ts(3,38): error TS1005: ':' expected.

4:03:45 PM - Found 1 error. Watching for file changes.
c4:03:46 PM - File change detected. Starting incremental compilation...

controllers/etasController copy.ts(3,38): error TS1005: ':' expected.

4:03:46 PM - Found 1 error. Watching for file changes.
c4:04:02 PM - File change detected. Starting incremental compilation...

controllers/etasController copy.ts(3,38): error TS1005: ':' expected.

4:04:02 PM - Found 1 error. Watching for file changes.
c4:04:13 PM - File change detected. Starting incremental compilation...

controllers/etasController copy.ts(3,38): error TS1005: ':' expected.

4:04:13 PM - Found 1 error. Watching for file changes.
c4:04:16 PM - File change detected. Starting incremental compilation...

controllers/etasController copy.ts(3,38): error TS1005: ':' expected.

4:04:16 PM - Found 1 error. Watching for file changes.
c4:04:17 PM - File change detected. Starting incremental compilation...

controllers/etasController copy.ts(3,38): error TS1005: ':' expected.

4:04:18 PM - Found 1 error. Watching for file changes.
c4:04:22 PM - File change detected. Starting incremental compilation...

controllers/etasController copy.ts(3,38): error TS1005: ':' expected.

4:04:22 PM - Found 1 error. Watching for file changes.
c4:07:05 PM - File change detected. Starting incremental compilation...

controllers/etasController copy.ts(3,38): error TS1005: ':' expected.

4:07:05 PM - Found 1 error. Watching for file changes.
c4:08:10 PM - File change detected. Starting incremental compilation...

controllers/etasController copy.ts(3,38): error TS1005: ':' expected.

4:08:10 PM - Found 1 error. Watching for file changes.
c4:09:53 PM - File change detected. Starting incremental compilation...

controllers/etasController copy.ts(3,38): error TS1005: ':' expected.

4:09:54 PM - Found 1 error. Watching for file changes.
c4:09:59 PM - File change detected. Starting incremental compilation...

controllers/etasController copy.ts(3,38): error TS1005: ':' expected.
routes/paymentsRoute.ts(50,31): error TS1005: ',' expected.

4:09:59 PM - Found 2 errors. Watching for file changes.
c4:10:01 PM - File change detected. Starting incremental compilation...

controllers/etasController copy.ts(3,38): error TS1005: ':' expected.

4:10:01 PM - Found 1 error. Watching for file changes.
c4:10:18 PM - File change detected. Starting incremental compilation...

controllers/etasController copy.ts(3,38): error TS1005: ':' expected.

4:10:18 PM - Found 1 error. Watching for file changes.
c4:10:19 PM - File change detected. Starting incremental compilation...

controllers/etasController copy.ts(3,38): error TS1005: ':' expected.

4:10:19 PM - Found 1 error. Watching for file changes.
c4:10:25 PM - File change detected. Starting incremental compilation...

controllers/etasController copy.ts(3,38): error TS1005: ':' expected.

4:10:25 PM - Found 1 error. Watching for file changes.
c4:10:30 PM - File change detected. Starting incremental compilation...

controllers/etasController copy.ts(3,38): error TS1005: ':' expected.

4:10:31 PM - Found 1 error. Watching for file changes.
c4:11:04 PM - File change detected. Starting incremental compilation...

controllers/StripeProductController.ts(161,40): error TS1005: ',' expected.
controllers/etasController copy.ts(3,38): error TS1005: ':' expected.

4:11:04 PM - Found 2 errors. Watching for file changes.
c4:11:05 PM - File change detected. Starting incremental compilation...

controllers/etasController copy.ts(3,38): error TS1005: ':' expected.

4:11:06 PM - Found 1 error. Watching for file changes.
c4:11:07 PM - File change detected. Starting incremental compilation...

controllers/etasController copy.ts(3,38): error TS1005: ':' expected.

4:11:07 PM - Found 1 error. Watching for file changes.
c4:11:51 PM - File change detected. Starting incremental compilation...

controllers/etasController copy.ts(3,38): error TS1005: ':' expected.

4:11:51 PM - Found 1 error. Watching for file changes.
c4:17:17 PM - File change detected. Starting incremental compilation...

controllers/etasController copy.ts(3,38): error TS1005: ':' expected.

4:17:17 PM - Found 1 error. Watching for file changes.
c4:17:22 PM - File change detected. Starting incremental compilation...

controllers/etasController copy.ts(3,38): error TS1005: ':' expected.

4:17:22 PM - Found 1 error. Watching for file changes.
c4:17:35 PM - File change detected. Starting incremental compilation...

controllers/etasController copy.ts(3,38): error TS1005: ':' expected.

4:17:36 PM - Found 1 error. Watching for file changes.
c4:17:40 PM - File change detected. Starting incremental compilation...

controllers/etasController copy.ts(3,38): error TS1005: ':' expected.

4:17:40 PM - Found 1 error. Watching for file changes.
c4:17:42 PM - File change detected. Starting incremental compilation...

controllers/etasController copy.ts(3,38): error TS1005: ':' expected.

4:17:43 PM - Found 1 error. Watching for file changes.
c4:17:53 PM - File change detected. Starting incremental compilation...

controllers/etasController copy.ts(3,38): error TS1005: ':' expected.

4:17:53 PM - Found 1 error. Watching for file changes.
c4:23:01 PM - File change detected. Starting incremental compilation...

controllers/etasController copy.ts(3,38): error TS1005: ':' expected.

4:23:01 PM - Found 1 error. Watching for file changes.
c4:23:24 PM - File change detected. Starting incremental compilation...

controllers/etasController copy.ts(3,38): error TS1005: ':' expected.

4:23:24 PM - Found 1 error. Watching for file changes.
c4:24:37 PM - File change detected. Starting incremental compilation...

controllers/etasController copy.ts(3,38): error TS1005: ':' expected.

4:24:38 PM - Found 1 error. Watching for file changes.
c4:25:56 PM - File change detected. Starting incremental compilation...

controllers/etasController copy.ts(3,38): error TS1005: ':' expected.

4:25:57 PM - Found 1 error. Watching for file changes.
c4:26:16 PM - File change detected. Starting incremental compilation...

controllers/etasController copy.ts(3,38): error TS1005: ':' expected.

4:26:16 PM - Found 1 error. Watching for file changes.
c4:27:10 PM - File change detected. Starting incremental compilation...

controllers/etasController copy.ts(3,38): error TS1005: ':' expected.

4:27:11 PM - Found 1 error. Watching for file changes.
c4:28:12 PM - File change detected. Starting incremental compilation...

controllers/etasController copy.ts(3,38): error TS1005: ':' expected.

4:28:12 PM - Found 1 error. Watching for file changes.
c4:28:13 PM - File change detected. Starting incremental compilation...

controllers/etasController copy.ts(3,38): error TS1005: ':' expected.

4:28:13 PM - Found 1 error. Watching for file changes.
c4:28:44 PM - File change detected. Starting incremental compilation...

controllers/etasController copy.ts(3,38): error TS1005: ':' expected.

4:28:45 PM - Found 1 error. Watching for file changes.
c4:28:47 PM - File change detected. Starting incremental compilation...

controllers/etasController copy.ts(3,38): error TS1005: ':' expected.

4:28:47 PM - Found 1 error. Watching for file changes.
c4:31:50 PM - File change detected. Starting incremental compilation...

controllers/etasController copy.ts(3,38): error TS1005: ':' expected.

4:31:50 PM - Found 1 error. Watching for file changes.
c4:31:51 PM - File change detected. Starting incremental compilation...

controllers/etasController copy.ts(3,38): error TS1005: ':' expected.

4:31:52 PM - Found 1 error. Watching for file changes.
c4:31:59 PM - File change detected. Starting incremental compilation...

controllers/etasController copy.ts(3,38): error TS1005: ':' expected.

4:32:00 PM - Found 1 error. Watching for file changes.
c4:35:18 PM - File change detected. Starting incremental compilation...

controllers/etasController copy.ts(3,38): error TS1005: ':' expected.

4:35:18 PM - Found 1 error. Watching for file changes.
c4:35:19 PM - File change detected. Starting incremental compilation...

controllers/etasController copy.ts(3,38): error TS1005: ':' expected.

4:35:19 PM - Found 1 error. Watching for file changes.
c4:35:37 PM - File change detected. Starting incremental compilation...

controllers/etasController copy.ts(3,38): error TS1005: ':' expected.

4:35:38 PM - Found 1 error. Watching for file changes.
c4:38:22 PM - File change detected. Starting incremental compilation...

controllers/etasController copy.ts(3,38): error TS1005: ':' expected.

4:38:23 PM - Found 1 error. Watching for file changes.
c4:38:24 PM - File change detected. Starting incremental compilation...

controllers/etasController copy.ts(3,38): error TS1005: ':' expected.

4:38:25 PM - Found 1 error. Watching for file changes.
c4:39:39 PM - File change detected. Starting incremental compilation...

controllers/etasController copy.ts(3,38): error TS1005: ':' expected.

4:39:39 PM - Found 1 error. Watching for file changes.
c4:41:40 PM - File change detected. Starting incremental compilation...

controllers/etasController copy.ts(3,38): error TS1005: ':' expected.

4:41:40 PM - Found 1 error. Watching for file changes.
c4:41:41 PM - File change detected. Starting incremental compilation...

controllers/etasController copy.ts(3,38): error TS1005: ':' expected.

4:41:42 PM - Found 1 error. Watching for file changes.
c4:41:43 PM - File change detected. Starting incremental compilation...

controllers/etasController copy.ts(3,38): error TS1005: ':' expected.

4:41:43 PM - Found 1 error. Watching for file changes.
c4:42:15 PM - File change detected. Starting incremental compilation...

controllers/etasController copy.ts(3,38): error TS1005: ':' expected.

4:42:15 PM - Found 1 error. Watching for file changes.
c4:42:16 PM - File change detected. Starting incremental compilation...

controllers/etasController copy.ts(3,38): error TS1005: ':' expected.

4:42:16 PM - Found 1 error. Watching for file changes.
c4:43:17 PM - File change detected. Starting incremental compilation...

controllers/etasController copy.ts(3,38): error TS1005: ':' expected.

4:43:18 PM - Found 1 error. Watching for file changes.
c4:43:24 PM - File change detected. Starting incremental compilation...

controllers/etasController copy.ts(3,38): error TS1005: ':' expected.

4:43:24 PM - Found 1 error. Watching for file changes.
c4:43:34 PM - File change detected. Starting incremental compilation...

controllers/etasController copy.ts(3,38): error TS1005: ':' expected.

4:43:34 PM - Found 1 error. Watching for file changes.
c4:43:47 PM - File change detected. Starting incremental compilation...

controllers/etasController copy.ts(3,38): error TS1005: ':' expected.

4:43:48 PM - Found 1 error. Watching for file changes.
c4:43:49 PM - File change detected. Starting incremental compilation...

controllers/etasController copy.ts(3,38): error TS1005: ':' expected.

4:43:49 PM - Found 1 error. Watching for file changes.
c4:48:37 PM - File change detected. Starting incremental compilation...

controllers/etasController copy.ts(3,38): error TS1005: ':' expected.

4:48:37 PM - Found 1 error. Watching for file changes.
c4:48:54 PM - File change detected. Starting incremental compilation...

controllers/etasController copy.ts(3,38): error TS1005: ':' expected.

4:48:54 PM - Found 1 error. Watching for file changes.
c4:48:55 PM - File change detected. Starting incremental compilation...

controllers/etasController copy.ts(3,38): error TS1005: ':' expected.

4:48:55 PM - Found 1 error. Watching for file changes.
c4:48:57 PM - File change detected. Starting incremental compilation...

controllers/etasController copy.ts(3,38): error TS1005: ':' expected.

4:48:57 PM - Found 1 error. Watching for file changes.
c4:49:13 PM - File change detected. Starting incremental compilation...

controllers/etasController copy.ts(3,38): error TS1005: ':' expected.

4:49:13 PM - Found 1 error. Watching for file changes.
c4:49:14 PM - File change detected. Starting incremental compilation...

controllers/etasController copy.ts(3,38): error TS1005: ':' expected.

4:49:15 PM - Found 1 error. Watching for file changes.
c4:49:21 PM - File change detected. Starting incremental compilation...

controllers/etasController copy.ts(3,38): error TS1005: ':' expected.

4:49:21 PM - Found 1 error. Watching for file changes.
c4:53:07 PM - File change detected. Starting incremental compilation...

controllers/etasController copy.ts(3,38): error TS1005: ':' expected.

4:53:07 PM - Found 1 error. Watching for file changes.
c4:53:38 PM - File change detected. Starting incremental compilation...

controllers/etasController copy.ts(3,38): error TS1005: ':' expected.

4:53:39 PM - Found 1 error. Watching for file changes.
c4:53:41 PM - File change detected. Starting incremental compilation...

controllers/etasController copy.ts(3,38): error TS1005: ':' expected.

4:53:41 PM - Found 1 error. Watching for file changes.
c4:53:54 PM - File change detected. Starting incremental compilation...

controllers/etasController copy.ts(3,38): error TS1005: ':' expected.

4:53:54 PM - Found 1 error. Watching for file changes.
c4:53:58 PM - File change detected. Starting incremental compilation...

controllers/etasController copy.ts(3,38): error TS1005: ':' expected.

4:53:58 PM - Found 1 error. Watching for file changes.
c4:55:24 PM - File change detected. Starting incremental compilation...

controllers/etasController copy.ts(3,38): error TS1005: ':' expected.

4:55:24 PM - Found 1 error. Watching for file changes.
c4:55:33 PM - File change detected. Starting incremental compilation...

controllers/etasController copy.ts(3,38): error TS1005: ':' expected.

4:55:33 PM - Found 1 error. Watching for file changes.
c4:55:34 PM - File change detected. Starting incremental compilation...

controllers/etasController copy.ts(3,38): error TS1005: ':' expected.

4:55:35 PM - Found 1 error. Watching for file changes.
c4:55:35 PM - File change detected. Starting incremental compilation...

controllers/etasController copy.ts(3,38): error TS1005: ':' expected.

4:55:36 PM - Found 1 error. Watching for file changes.
c4:58:07 PM - File change detected. Starting incremental compilation...

controllers/etasController copy.ts(3,38): error TS1005: ':' expected.

4:58:07 PM - Found 1 error. Watching for file changes.
c4:58:08 PM - File change detected. Starting incremental compilation...

controllers/etasController copy.ts(3,38): error TS1005: ':' expected.

4:58:09 PM - Found 1 error. Watching for file changes.
c4:58:10 PM - File change detected. Starting incremental compilation...

controllers/etasController copy.ts(3,38): error TS1005: ':' expected.

4:58:10 PM - Found 1 error. Watching for file changes.
c4:58:48 PM - File change detected. Starting incremental compilation...

controllers/etasController copy.ts(3,38): error TS1005: ':' expected.

4:58:48 PM - Found 1 error. Watching for file changes.
c4:58:52 PM - File change detected. Starting incremental compilation...

controllers/etasController copy.ts(3,38): error TS1005: ':' expected.

4:58:52 PM - Found 1 error. Watching for file changes.
c4:58:53 PM - File change detected. Starting incremental compilation...

controllers/etasController copy.ts(3,38): error TS1005: ':' expected.

4:58:53 PM - Found 1 error. Watching for file changes.
c4:59:38 PM - File change detected. Starting incremental compilation...

controllers/etasController copy.ts(3,38): error TS1005: ':' expected.

4:59:38 PM - Found 1 error. Watching for file changes.
c5:02:50 PM - File change detected. Starting incremental compilation...

controllers/etasController copy.ts(3,38): error TS1005: ':' expected.

5:02:50 PM - Found 1 error. Watching for file changes.
c5:02:59 PM - File change detected. Starting incremental compilation...

controllers/etasController copy.ts(3,38): error TS1005: ':' expected.

5:03:00 PM - Found 1 error. Watching for file changes.
c5:03:03 PM - File change detected. Starting incremental compilation...

controllers/etasController copy.ts(3,38): error TS1005: ':' expected.

5:03:03 PM - Found 1 error. Watching for file changes.
c5:03:07 PM - File change detected. Starting incremental compilation...

controllers/etasController copy.ts(3,38): error TS1005: ':' expected.

5:03:07 PM - Found 1 error. Watching for file changes.
c5:03:09 PM - File change detected. Starting incremental compilation...

controllers/etasController copy.ts(3,38): error TS1005: ':' expected.

5:03:09 PM - Found 1 error. Watching for file changes.
c5:03:14 PM - File change detected. Starting incremental compilation...

controllers/etasController copy.ts(3,38): error TS1005: ':' expected.

5:03:15 PM - Found 1 error. Watching for file changes.
c5:03:20 PM - File change detected. Starting incremental compilation...

controllers/etasController copy.ts(3,38): error TS1005: ':' expected.

5:03:20 PM - Found 1 error. Watching for file changes.
c5:03:33 PM - File change detected. Starting incremental compilation...

controllers/etasController copy.ts(3,38): error TS1005: ':' expected.

5:03:33 PM - Found 1 error. Watching for file changes.
c5:03:34 PM - File change detected. Starting incremental compilation...

controllers/etasController copy.ts(3,38): error TS1005: ':' expected.

5:03:35 PM - Found 1 error. Watching for file changes.
c5:03:42 PM - File change detected. Starting incremental compilation...

controllers/etasController copy.ts(3,38): error TS1005: ':' expected.

5:03:42 PM - Found 1 error. Watching for file changes.
c5:04:30 PM - File change detected. Starting incremental compilation...

controllers/etasController copy.ts(3,38): error TS1005: ':' expected.

5:04:30 PM - Found 1 error. Watching for file changes.
c5:05:10 PM - File change detected. Starting incremental compilation...

controllers/etasController copy.ts(3,38): error TS1005: ':' expected.

5:05:10 PM - Found 1 error. Watching for file changes.
c5:08:00 PM - File change detected. Starting incremental compilation...

controllers/etasController copy.ts(3,38): error TS1005: ':' expected.

5:08:00 PM - Found 1 error. Watching for file changes.
c5:08:01 PM - File change detected. Starting incremental compilation...

controllers/etasController copy.ts(3,38): error TS1005: ':' expected.

5:08:01 PM - Found 1 error. Watching for file changes.
c5:08:26 PM - File change detected. Starting incremental compilation...

controllers/etasController copy.ts(3,38): error TS1005: ':' expected.

5:08:26 PM - Found 1 error. Watching for file changes.
c5:12:41 PM - File change detected. Starting incremental compilation...

controllers/etasController copy.ts(3,38): error TS1005: ':' expected.

5:12:41 PM - Found 1 error. Watching for file changes.
c5:12:42 PM - File change detected. Starting incremental compilation...

controllers/etasController copy.ts(3,38): error TS1005: ':' expected.

5:12:42 PM - Found 1 error. Watching for file changes.
c5:18:50 PM - File change detected. Starting incremental compilation...

controllers/etasController copy.ts(3,38): error TS1005: ':' expected.

5:18:50 PM - Found 1 error. Watching for file changes.
c5:19:51 PM - File change detected. Starting incremental compilation...

controllers/etasController copy.ts(3,38): error TS1005: ':' expected.

5:19:51 PM - Found 1 error. Watching for file changes.
c5:19:53 PM - File change detected. Starting incremental compilation...

controllers/etasController copy.ts(3,38): error TS1005: ':' expected.

5:19:53 PM - Found 1 error. Watching for file changes.
c5:20:32 PM - File change detected. Starting incremental compilation...

controllers/etasController copy.ts(3,38): error TS1005: ':' expected.

5:20:32 PM - Found 1 error. Watching for file changes.
c5:21:08 PM - File change detected. Starting incremental compilation...

controllers/etasController copy.ts(3,38): error TS1005: ':' expected.

5:21:09 PM - Found 1 error. Watching for file changes.
c5:23:32 PM - File change detected. Starting incremental compilation...

controllers/etasController copy.ts(3,38): error TS1005: ':' expected.

5:23:32 PM - Found 1 error. Watching for file changes.
c5:24:02 PM - File change detected. Starting incremental compilation...

controllers/etasController copy.ts(3,38): error TS1005: ':' expected.

5:24:02 PM - Found 1 error. Watching for file changes.
c5:24:13 PM - File change detected. Starting incremental compilation...

controllers/etasController copy.ts(3,38): error TS1005: ':' expected.

5:24:14 PM - Found 1 error. Watching for file changes.
c5:24:20 PM - File change detected. Starting incremental compilation...

controllers/etasController copy.ts(3,38): error TS1005: ':' expected.

5:24:20 PM - Found 1 error. Watching for file changes.
c5:24:42 PM - File change detected. Starting incremental compilation...

controllers/etasController copy.ts(3,38): error TS1005: ':' expected.

5:24:42 PM - Found 1 error. Watching for file changes.
c5:25:11 PM - File change detected. Starting incremental compilation...

controllers/etasController copy.ts(3,38): error TS1005: ':' expected.

5:25:12 PM - Found 1 error. Watching for file changes.
c5:25:41 PM - File change detected. Starting incremental compilation...

controllers/etasController copy.ts(3,38): error TS1005: ':' expected.

5:25:41 PM - Found 1 error. Watching for file changes.
c5:26:02 PM - File change detected. Starting incremental compilation...

controllers/etasController copy.ts(3,38): error TS1005: ':' expected.

5:26:02 PM - Found 1 error. Watching for file changes.
c5:26:15 PM - File change detected. Starting incremental compilation...

controllers/etasController copy.ts(3,38): error TS1005: ':' expected.

5:26:15 PM - Found 1 error. Watching for file changes.
c5:28:44 PM - File change detected. Starting incremental compilation...

controllers/etasController copy.ts(3,38): error TS1005: ':' expected.

5:28:44 PM - Found 1 error. Watching for file changes.
c5:29:09 PM - File change detected. Starting incremental compilation...

controllers/etasController copy.ts(3,38): error TS1005: ':' expected.

5:29:09 PM - Found 1 error. Watching for file changes.
c5:29:14 PM - File change detected. Starting incremental compilation...

controllers/etasController copy.ts(3,38): error TS1005: ':' expected.

5:29:14 PM - Found 1 error. Watching for file changes.
c5:29:17 PM - File change detected. Starting incremental compilation...

controllers/etasController copy.ts(3,38): error TS1005: ':' expected.

5:29:17 PM - Found 1 error. Watching for file changes.
c5:30:06 PM - File change detected. Starting incremental compilation...

controllers/etasController copy.ts(3,38): error TS1005: ':' expected.

5:30:07 PM - Found 1 error. Watching for file changes.
c5:30:32 PM - File change detected. Starting incremental compilation...

controllers/etasController copy.ts(3,38): error TS1005: ':' expected.

5:30:33 PM - Found 1 error. Watching for file changes.
c5:30:38 PM - File change detected. Starting incremental compilation...

controllers/etasController copy.ts(3,38): error TS1005: ':' expected.

5:30:38 PM - Found 1 error. Watching for file changes.
c5:30:40 PM - File change detected. Starting incremental compilation...

controllers/etasController copy.ts(3,38): error TS1005: ':' expected.

5:30:40 PM - Found 1 error. Watching for file changes.
c5:30:41 PM - File change detected. Starting incremental compilation...

controllers/etasController copy.ts(3,38): error TS1005: ':' expected.

5:30:41 PM - Found 1 error. Watching for file changes.
c5:30:45 PM - File change detected. Starting incremental compilation...

controllers/etasController copy.ts(3,38): error TS1005: ':' expected.

5:30:45 PM - Found 1 error. Watching for file changes.
c5:30:46 PM - File change detected. Starting incremental compilation...

controllers/etasController copy.ts(3,38): error TS1005: ':' expected.

5:30:46 PM - Found 1 error. Watching for file changes.
c5:30:48 PM - File change detected. Starting incremental compilation...

controllers/etasController copy.ts(3,38): error TS1005: ':' expected.

5:30:48 PM - Found 1 error. Watching for file changes.
c5:31:15 PM - File change detected. Starting incremental compilation...

controllers/etasController copy.ts(3,38): error TS1005: ':' expected.

5:31:15 PM - Found 1 error. Watching for file changes.
c5:31:28 PM - File change detected. Starting incremental compilation...

controllers/etasController copy.ts(3,38): error TS1005: ':' expected.

5:31:28 PM - Found 1 error. Watching for file changes.
c5:31:35 PM - File change detected. Starting incremental compilation...

controllers/PaymentIntentController.ts(52,48): error TS1005: ')' expected.
controllers/etasController copy.ts(3,38): error TS1005: ':' expected.

5:31:35 PM - Found 2 errors. Watching for file changes.
c5:31:50 PM - File change detected. Starting incremental compilation...

controllers/etasController copy.ts(3,38): error TS1005: ':' expected.

5:31:50 PM - Found 1 error. Watching for file changes.
c5:31:58 PM - File change detected. Starting incremental compilation...

controllers/etasController copy.ts(3,38): error TS1005: ':' expected.

5:31:59 PM - Found 1 error. Watching for file changes.
c5:32:36 PM - File change detected. Starting incremental compilation...

controllers/etasController copy.ts(3,38): error TS1005: ':' expected.

5:32:36 PM - Found 1 error. Watching for file changes.
c5:32:37 PM - File change detected. Starting incremental compilation...

controllers/etasController copy.ts(3,38): error TS1005: ':' expected.

5:32:37 PM - Found 1 error. Watching for file changes.
c5:32:49 PM - File change detected. Starting incremental compilation...

controllers/etasController copy.ts(3,38): error TS1005: ':' expected.

5:32:49 PM - Found 1 error. Watching for file changes.
c5:33:01 PM - File change detected. Starting incremental compilation...

controllers/etasController copy.ts(3,38): error TS1005: ':' expected.

5:33:01 PM - Found 1 error. Watching for file changes.
c5:33:03 PM - File change detected. Starting incremental compilation...

controllers/etasController copy.ts(3,38): error TS1005: ':' expected.

5:33:03 PM - Found 1 error. Watching for file changes.
c5:33:11 PM - File change detected. Starting incremental compilation...

controllers/etasController copy.ts(3,38): error TS1005: ':' expected.

5:33:12 PM - Found 1 error. Watching for file changes.
c5:33:23 PM - File change detected. Starting incremental compilation...

controllers/PaymentIntentController.ts(54,31): error TS1136: Property assignment expected.
controllers/PaymentIntentController.ts(54,39): error TS1005: ',' expected.
controllers/PaymentIntentController.ts(54,40): error TS1128: Declaration or statement expected.
controllers/PaymentIntentController.ts(54,69): error TS1005: ';' expected.
controllers/PaymentIntentController.ts(54,92): error TS1128: Declaration or statement expected.
controllers/PaymentIntentController.ts(65,9): error TS1472: 'catch' or 'finally' expected.
controllers/PaymentIntentController.ts(66,7): error TS1005: ',' expected.
controllers/PaymentIntentController.ts(72,1): error TS1128: Declaration or statement expected.
controllers/etasController copy.ts(3,38): error TS1005: ':' expected.

5:33:24 PM - Found 9 errors. Watching for file changes.
c5:33:35 PM - File change detected. Starting incremental compilation...

controllers/etasController copy.ts(3,38): error TS1005: ':' expected.

5:33:35 PM - Found 1 error. Watching for file changes.
c5:33:36 PM - File change detected. Starting incremental compilation...

controllers/etasController copy.ts(3,38): error TS1005: ':' expected.

5:33:36 PM - Found 1 error. Watching for file changes.
c5:33:46 PM - File change detected. Starting incremental compilation...

controllers/etasController copy.ts(3,38): error TS1005: ':' expected.

5:33:47 PM - Found 1 error. Watching for file changes.
c5:33:48 PM - File change detected. Starting incremental compilation...

controllers/etasController copy.ts(3,38): error TS1005: ':' expected.

5:33:48 PM - Found 1 error. Watching for file changes.
c5:33:51 PM - File change detected. Starting incremental compilation...

controllers/etasController copy.ts(3,38): error TS1005: ':' expected.

5:33:51 PM - Found 1 error. Watching for file changes.
c5:35:01 PM - File change detected. Starting incremental compilation...

controllers/etasController copy.ts(3,38): error TS1005: ':' expected.

5:35:01 PM - Found 1 error. Watching for file changes.
c5:36:08 PM - File change detected. Starting incremental compilation...

controllers/etasController copy.ts(3,38): error TS1005: ':' expected.

5:36:08 PM - Found 1 error. Watching for file changes.
c5:36:13 PM - File change detected. Starting incremental compilation...

controllers/PaymentIntentController.ts(54,23): error TS1005: ']' expected.
controllers/PaymentIntentController.ts(56,14): error TS1005: ',' expected.
controllers/PaymentIntentController.ts(56,15): error TS1135: Argument expression expected.
controllers/etasController copy.ts(3,38): error TS1005: ':' expected.

5:36:14 PM - Found 4 errors. Watching for file changes.
c5:36:22 PM - File change detected. Starting incremental compilation...

controllers/etasController copy.ts(3,38): error TS1005: ':' expected.

5:36:23 PM - Found 1 error. Watching for file changes.
c5:36:33 PM - File change detected. Starting incremental compilation...

controllers/PaymentIntentController.ts(54,47): error TS1005: ',' expected.
controllers/PaymentIntentController.ts(58,13): error TS1005: ',' expected.
controllers/PaymentIntentController.ts(58,14): error TS1128: Declaration or statement expected.
controllers/PaymentIntentController.ts(58,15): error TS1128: Declaration or statement expected.
controllers/PaymentIntentController.ts(58,44): error TS1005: ';' expected.
controllers/PaymentIntentController.ts(58,67): error TS1128: Declaration or statement expected.
controllers/PaymentIntentController.ts(68,9): error TS1472: 'catch' or 'finally' expected.
controllers/PaymentIntentController.ts(69,7): error TS1005: ',' expected.
controllers/PaymentIntentController.ts(75,1): error TS1128: Declaration or statement expected.
controllers/etasController copy.ts(3,38): error TS1005: ':' expected.

5:36:34 PM - Found 10 errors. Watching for file changes.
c5:36:37 PM - File change detected. Starting incremental compilation...

controllers/PaymentIntentController.ts(54,47): error TS1005: ',' expected.
controllers/etasController copy.ts(3,38): error TS1005: ':' expected.

5:36:37 PM - Found 2 errors. Watching for file changes.
c5:36:39 PM - File change detected. Starting incremental compilation...

controllers/PaymentIntentController.ts(55,14): error TS1005: ',' expected.
controllers/etasController copy.ts(3,38): error TS1005: ':' expected.

5:36:39 PM - Found 2 errors. Watching for file changes.
c5:36:45 PM - File change detected. Starting incremental compilation...

controllers/etasController copy.ts(3,38): error TS1005: ':' expected.

5:36:45 PM - Found 1 error. Watching for file changes.
c5:36:46 PM - File change detected. Starting incremental compilation...

controllers/etasController copy.ts(3,38): error TS1005: ':' expected.

5:36:46 PM - Found 1 error. Watching for file changes.
c5:36:49 PM - File change detected. Starting incremental compilation...

controllers/etasController copy.ts(3,38): error TS1005: ':' expected.

5:36:50 PM - Found 1 error. Watching for file changes.
c5:36:52 PM - File change detected. Starting incremental compilation...

controllers/etasController copy.ts(3,38): error TS1005: ':' expected.

5:36:52 PM - Found 1 error. Watching for file changes.
c5:36:53 PM - File change detected. Starting incremental compilation...

controllers/etasController copy.ts(3,38): error TS1005: ':' expected.

5:36:53 PM - Found 1 error. Watching for file changes.
c5:36:57 PM - File change detected. Starting incremental compilation...

controllers/etasController copy.ts(3,38): error TS1005: ':' expected.

5:36:57 PM - Found 1 error. Watching for file changes.
c5:36:58 PM - File change detected. Starting incremental compilation...

controllers/etasController copy.ts(3,38): error TS1005: ':' expected.

5:36:58 PM - Found 1 error. Watching for file changes.
c5:38:16 PM - File change detected. Starting incremental compilation...

controllers/PaymentIntentController.ts(55,43): error TS1005: ',' expected.
controllers/etasController copy.ts(3,38): error TS1005: ':' expected.

5:38:16 PM - Found 2 errors. Watching for file changes.
c5:38:37 PM - File change detected. Starting incremental compilation...

controllers/PaymentIntentController.ts(56,43): error TS1005: ',' expected.
controllers/etasController copy.ts(3,38): error TS1005: ':' expected.

5:38:37 PM - Found 2 errors. Watching for file changes.
c5:38:39 PM - File change detected. Starting incremental compilation...

controllers/PaymentIntentController.ts(56,23): error TS1005: ',' expected.
controllers/etasController copy.ts(3,38): error TS1005: ':' expected.

5:38:39 PM - Found 2 errors. Watching for file changes.
c5:38:44 PM - File change detected. Starting incremental compilation...

controllers/PaymentIntentController.ts(56,23): error TS1005: ',' expected.
controllers/etasController copy.ts(3,38): error TS1005: ':' expected.

5:38:45 PM - Found 2 errors. Watching for file changes.
c5:38:48 PM - File change detected. Starting incremental compilation...

controllers/PaymentIntentController.ts(56,23): error TS1005: ',' expected.
controllers/etasController copy.ts(3,38): error TS1005: ':' expected.

5:38:48 PM - Found 2 errors. Watching for file changes.
c5:38:49 PM - File change detected. Starting incremental compilation...

controllers/PaymentIntentController.ts(56,23): error TS1005: ',' expected.
controllers/etasController copy.ts(3,38): error TS1005: ':' expected.

5:38:49 PM - Found 2 errors. Watching for file changes.
c5:38:58 PM - File change detected. Starting incremental compilation...

controllers/etasController copy.ts(3,38): error TS1005: ':' expected.

5:38:58 PM - Found 1 error. Watching for file changes.
c5:39:10 PM - File change detected. Starting incremental compilation...

controllers/PaymentIntentController.ts(57,23): error TS1005: ',' expected.
controllers/etasController copy.ts(3,38): error TS1005: ':' expected.

5:39:10 PM - Found 2 errors. Watching for file changes.
c5:39:15 PM - File change detected. Starting incremental compilation...

controllers/PaymentIntentController.ts(57,23): error TS1005: ',' expected.
controllers/etasController copy.ts(3,38): error TS1005: ':' expected.

5:39:15 PM - Found 2 errors. Watching for file changes.
c5:39:16 PM - File change detected. Starting incremental compilation...

controllers/PaymentIntentController.ts(57,23): error TS1005: ',' expected.
controllers/etasController copy.ts(3,38): error TS1005: ':' expected.

5:39:16 PM - Found 2 errors. Watching for file changes.
c5:39:19 PM - File change detected. Starting incremental compilation...

controllers/PaymentIntentController.ts(57,23): error TS1005: ',' expected.
controllers/etasController copy.ts(3,38): error TS1005: ':' expected.

5:39:19 PM - Found 2 errors. Watching for file changes.
c5:39:25 PM - File change detected. Starting incremental compilation...

controllers/etasController copy.ts(3,38): error TS1005: ':' expected.

5:39:25 PM - Found 1 error. Watching for file changes.
c5:40:23 PM - File change detected. Starting incremental compilation...

controllers/etasController copy.ts(3,38): error TS1005: ':' expected.

5:40:23 PM - Found 1 error. Watching for file changes.
c5:40:23 PM - File change detected. Starting incremental compilation...

controllers/etasController copy.ts(3,38): error TS1005: ':' expected.

5:40:23 PM - Found 1 error. Watching for file changes.
c5:40:36 PM - File change detected. Starting incremental compilation...

controllers/etasController copy.ts(3,38): error TS1005: ':' expected.

5:40:37 PM - Found 1 error. Watching for file changes.
c5:40:37 PM - File change detected. Starting incremental compilation...

controllers/etasController copy.ts(3,38): error TS1005: ':' expected.

5:40:38 PM - Found 1 error. Watching for file changes.
c5:41:22 PM - File change detected. Starting incremental compilation...

controllers/etasController copy.ts(3,38): error TS1005: ':' expected.

5:41:22 PM - Found 1 error. Watching for file changes.
c5:41:31 PM - File change detected. Starting incremental compilation...

controllers/etasController copy.ts(3,38): error TS1005: ':' expected.

5:41:31 PM - Found 1 error. Watching for file changes.
c5:41:33 PM - File change detected. Starting incremental compilation...

controllers/etasController copy.ts(3,38): error TS1005: ':' expected.

5:41:33 PM - Found 1 error. Watching for file changes.
c5:41:39 PM - File change detected. Starting incremental compilation...

controllers/etasController copy.ts(3,38): error TS1005: ':' expected.

5:41:40 PM - Found 1 error. Watching for file changes.
c5:41:43 PM - File change detected. Starting incremental compilation...

controllers/etasController copy.ts(3,38): error TS1005: ':' expected.

5:41:43 PM - Found 1 error. Watching for file changes.
c5:41:51 PM - File change detected. Starting incremental compilation...

controllers/etasController copy.ts(3,38): error TS1005: ':' expected.

5:41:51 PM - Found 1 error. Watching for file changes.
c5:41:52 PM - File change detected. Starting incremental compilation...

controllers/etasController copy.ts(3,38): error TS1005: ':' expected.

5:41:52 PM - Found 1 error. Watching for file changes.
c5:41:53 PM - File change detected. Starting incremental compilation...

controllers/etasController copy.ts(3,38): error TS1005: ':' expected.

5:41:53 PM - Found 1 error. Watching for file changes.
c5:42:53 PM - File change detected. Starting incremental compilation...

controllers/etasController copy.ts(3,38): error TS1005: ':' expected.

5:42:53 PM - Found 1 error. Watching for file changes.
c5:47:43 PM - File change detected. Starting incremental compilation...

controllers/etasController copy.ts(3,38): error TS1005: ':' expected.

5:47:43 PM - Found 1 error. Watching for file changes.
c5:50:47 PM - File change detected. Starting incremental compilation...

controllers/etasController copy.ts(3,38): error TS1005: ':' expected.

5:50:48 PM - Found 1 error. Watching for file changes.
c5:50:51 PM - File change detected. Starting incremental compilation...

controllers/etasController copy.ts(3,38): error TS1005: ':' expected.

5:50:52 PM - Found 1 error. Watching for file changes.
c5:50:56 PM - File change detected. Starting incremental compilation...

controllers/etasController copy.ts(3,38): error TS1005: ':' expected.

5:50:56 PM - Found 1 error. Watching for file changes.
c5:51:01 PM - File change detected. Starting incremental compilation...

controllers/etasController copy.ts(3,38): error TS1005: ':' expected.

5:51:02 PM - Found 1 error. Watching for file changes.
c5:51:11 PM - File change detected. Starting incremental compilation...

controllers/etasController copy.ts(3,38): error TS1005: ':' expected.

5:51:11 PM - Found 1 error. Watching for file changes.
c5:51:16 PM - File change detected. Starting incremental compilation...

controllers/etasController copy.ts(3,38): error TS1005: ':' expected.

5:51:16 PM - Found 1 error. Watching for file changes.
c5:51:31 PM - File change detected. Starting incremental compilation...

controllers/etasController copy.ts(3,38): error TS1005: ':' expected.

5:51:31 PM - Found 1 error. Watching for file changes.
c5:51:37 PM - File change detected. Starting incremental compilation...

controllers/etasController copy.ts(3,38): error TS1005: ':' expected.

5:51:38 PM - Found 1 error. Watching for file changes.
c5:51:46 PM - File change detected. Starting incremental compilation...

controllers/etasController copy.ts(3,38): error TS1005: ':' expected.

5:51:46 PM - Found 1 error. Watching for file changes.
c5:51:47 PM - File change detected. Starting incremental compilation...

controllers/etasController copy.ts(3,38): error TS1005: ':' expected.

5:51:48 PM - Found 1 error. Watching for file changes.
c5:51:49 PM - File change detected. Starting incremental compilation...

controllers/etasController copy.ts(3,38): error TS1005: ':' expected.

5:51:49 PM - Found 1 error. Watching for file changes.
c5:52:46 PM - File change detected. Starting incremental compilation...

controllers/etasController copy.ts(3,38): error TS1005: ':' expected.

5:52:46 PM - Found 1 error. Watching for file changes.
c5:53:06 PM - File change detected. Starting incremental compilation...

controllers/etasController copy.ts(3,38): error TS1005: ':' expected.

5:53:06 PM - Found 1 error. Watching for file changes.
c5:53:09 PM - File change detected. Starting incremental compilation...

controllers/etasController copy.ts(3,38): error TS1005: ':' expected.

5:53:09 PM - Found 1 error. Watching for file changes.
c5:53:17 PM - File change detected. Starting incremental compilation...

controllers/etasController copy.ts(3,38): error TS1005: ':' expected.

5:53:17 PM - Found 1 error. Watching for file changes.
c5:54:13 PM - File change detected. Starting incremental compilation...

controllers/PaymentIntentController.ts(62,17): error TS1005: ',' expected.
controllers/etasController copy.ts(3,38): error TS1005: ':' expected.

5:54:13 PM - Found 2 errors. Watching for file changes.
c5:54:16 PM - File change detected. Starting incremental compilation...

controllers/etasController copy.ts(3,38): error TS1005: ':' expected.

5:54:17 PM - Found 1 error. Watching for file changes.
c5:54:21 PM - File change detected. Starting incremental compilation...

controllers/etasController copy.ts(3,38): error TS1005: ':' expected.

5:54:21 PM - Found 1 error. Watching for file changes.
c5:54:22 PM - File change detected. Starting incremental compilation...

controllers/etasController copy.ts(3,38): error TS1005: ':' expected.

5:54:22 PM - Found 1 error. Watching for file changes.
c5:54:28 PM - File change detected. Starting incremental compilation...

controllers/etasController copy.ts(3,38): error TS1005: ':' expected.

5:54:28 PM - Found 1 error. Watching for file changes.
c5:54:29 PM - File change detected. Starting incremental compilation...

controllers/etasController copy.ts(3,38): error TS1005: ':' expected.

5:54:29 PM - Found 1 error. Watching for file changes.
c5:55:06 PM - File change detected. Starting incremental compilation...

controllers/etasController copy.ts(3,38): error TS1005: ':' expected.

5:55:07 PM - Found 1 error. Watching for file changes.
c5:55:37 PM - File change detected. Starting incremental compilation...

controllers/etasController copy.ts(3,38): error TS1005: ':' expected.

5:55:37 PM - Found 1 error. Watching for file changes.
c5:58:30 PM - File change detected. Starting incremental compilation...

controllers/etasController copy.ts(3,38): error TS1005: ':' expected.

5:58:30 PM - Found 1 error. Watching for file changes.
c6:01:05 PM - File change detected. Starting incremental compilation...

controllers/etasController copy.ts(3,38): error TS1005: ':' expected.

6:01:06 PM - Found 1 error. Watching for file changes.
c6:01:13 PM - File change detected. Starting incremental compilation...

controllers/etasController copy.ts(3,38): error TS1005: ':' expected.

6:01:13 PM - Found 1 error. Watching for file changes.
c6:01:30 PM - File change detected. Starting incremental compilation...

controllers/etasController copy.ts(3,38): error TS1005: ':' expected.

6:01:30 PM - Found 1 error. Watching for file changes.
c6:02:08 PM - File change detected. Starting incremental compilation...

controllers/etasController copy.ts(3,38): error TS1005: ':' expected.

6:02:08 PM - Found 1 error. Watching for file changes.
c6:02:12 PM - File change detected. Starting incremental compilation...

controllers/etasController copy.ts(3,38): error TS1005: ':' expected.

6:02:12 PM - Found 1 error. Watching for file changes.
c6:02:32 PM - File change detected. Starting incremental compilation...

controllers/etasController copy.ts(3,38): error TS1005: ':' expected.

6:02:32 PM - Found 1 error. Watching for file changes.
c6:02:34 PM - File change detected. Starting incremental compilation...

controllers/etasController copy.ts(3,38): error TS1005: ':' expected.

6:02:34 PM - Found 1 error. Watching for file changes.
c6:02:39 PM - File change detected. Starting incremental compilation...

controllers/etasController copy.ts(3,38): error TS1005: ':' expected.

6:02:39 PM - Found 1 error. Watching for file changes.
c6:02:42 PM - File change detected. Starting incremental compilation...

controllers/etasController copy.ts(3,38): error TS1005: ':' expected.

6:02:43 PM - Found 1 error. Watching for file changes.
c6:03:37 PM - File change detected. Starting incremental compilation...

controllers/etasController copy.ts(3,38): error TS1005: ':' expected.

6:03:38 PM - Found 1 error. Watching for file changes.
c6:03:53 PM - File change detected. Starting incremental compilation...

controllers/etasController copy.ts(3,38): error TS1005: ':' expected.

6:03:53 PM - Found 1 error. Watching for file changes.
c6:04:16 PM - File change detected. Starting incremental compilation...

controllers/etasController copy.ts(3,38): error TS1005: ':' expected.

6:04:17 PM - Found 1 error. Watching for file changes.
c6:04:19 PM - File change detected. Starting incremental compilation...

controllers/etasController copy.ts(3,38): error TS1005: ':' expected.

6:04:19 PM - Found 1 error. Watching for file changes.
c6:04:38 PM - File change detected. Starting incremental compilation...

controllers/etasController copy.ts(3,38): error TS1005: ':' expected.

6:04:38 PM - Found 1 error. Watching for file changes.
c6:04:39 PM - File change detected. Starting incremental compilation...

controllers/etasController copy.ts(3,38): error TS1005: ':' expected.

6:04:40 PM - Found 1 error. Watching for file changes.
c6:04:44 PM - File change detected. Starting incremental compilation...

controllers/etasController copy.ts(3,38): error TS1005: ':' expected.

6:04:44 PM - Found 1 error. Watching for file changes.
c6:04:50 PM - File change detected. Starting incremental compilation...

controllers/etasController copy.ts(3,38): error TS1005: ':' expected.

6:04:50 PM - Found 1 error. Watching for file changes.
c6:04:52 PM - File change detected. Starting incremental compilation...

controllers/etasController copy.ts(3,38): error TS1005: ':' expected.

6:04:52 PM - Found 1 error. Watching for file changes.
c6:04:55 PM - File change detected. Starting incremental compilation...

controllers/etasController copy.ts(3,38): error TS1005: ':' expected.

6:04:55 PM - Found 1 error. Watching for file changes.
c6:05:08 PM - File change detected. Starting incremental compilation...

controllers/etasController copy.ts(3,38): error TS1005: ':' expected.

6:05:09 PM - Found 1 error. Watching for file changes.
c6:05:22 PM - File change detected. Starting incremental compilation...

controllers/etasController copy.ts(3,38): error TS1005: ':' expected.

6:05:22 PM - Found 1 error. Watching for file changes.
c6:05:29 PM - File change detected. Starting incremental compilation...

controllers/etasController copy.ts(3,38): error TS1005: ':' expected.

6:05:29 PM - Found 1 error. Watching for file changes.
c6:05:43 PM - File change detected. Starting incremental compilation...

controllers/etasController copy.ts(3,38): error TS1005: ':' expected.

6:05:43 PM - Found 1 error. Watching for file changes.
c6:05:45 PM - File change detected. Starting incremental compilation...

controllers/etasController copy.ts(3,38): error TS1005: ':' expected.

6:05:45 PM - Found 1 error. Watching for file changes.
c6:06:06 PM - File change detected. Starting incremental compilation...

controllers/etasController copy.ts(3,38): error TS1005: ':' expected.

6:06:07 PM - Found 1 error. Watching for file changes.
c6:06:09 PM - File change detected. Starting incremental compilation...

controllers/etasController copy.ts(3,38): error TS1005: ':' expected.

6:06:09 PM - Found 1 error. Watching for file changes.
c6:06:16 PM - File change detected. Starting incremental compilation...

controllers/etasController copy.ts(3,38): error TS1005: ':' expected.

6:06:16 PM - Found 1 error. Watching for file changes.
c6:06:18 PM - File change detected. Starting incremental compilation...

controllers/etasController copy.ts(3,38): error TS1005: ':' expected.

6:06:18 PM - Found 1 error. Watching for file changes.
c6:06:21 PM - File change detected. Starting incremental compilation...

controllers/etasController copy.ts(3,38): error TS1005: ':' expected.

6:06:21 PM - Found 1 error. Watching for file changes.
c6:06:50 PM - File change detected. Starting incremental compilation...

controllers/etasController copy.ts(3,38): error TS1005: ':' expected.

6:06:51 PM - Found 1 error. Watching for file changes.
c6:06:51 PM - File change detected. Starting incremental compilation...

controllers/etasController copy.ts(3,38): error TS1005: ':' expected.

6:06:51 PM - Found 1 error. Watching for file changes.
c6:08:32 PM - File change detected. Starting incremental compilation...

controllers/etasController copy.ts(3,38): error TS1005: ':' expected.

6:08:32 PM - Found 1 error. Watching for file changes.
c6:08:35 PM - File change detected. Starting incremental compilation...

controllers/etasController copy.ts(3,38): error TS1005: ':' expected.

6:08:35 PM - Found 1 error. Watching for file changes.
c6:08:38 PM - File change detected. Starting incremental compilation...

controllers/etasController copy.ts(3,38): error TS1005: ':' expected.

6:08:38 PM - Found 1 error. Watching for file changes.
c6:11:10 PM - File change detected. Starting incremental compilation...

controllers/etasController copy.ts(3,38): error TS1005: ':' expected.

6:11:10 PM - Found 1 error. Watching for file changes.
c6:11:14 PM - File change detected. Starting incremental compilation...

controllers/etasController copy.ts(3,38): error TS1005: ':' expected.

6:11:15 PM - Found 1 error. Watching for file changes.
c6:23:02 PM - File change detected. Starting incremental compilation...

controllers/etasController copy.ts(3,38): error TS1005: ':' expected.

6:23:02 PM - Found 1 error. Watching for file changes.
c6:23:07 PM - File change detected. Starting incremental compilation...

controllers/etasController copy.ts(3,38): error TS1005: ':' expected.

6:23:07 PM - Found 1 error. Watching for file changes.
c6:25:00 PM - File change detected. Starting incremental compilation...

controllers/etasController copy.ts(3,38): error TS1005: ':' expected.

6:25:01 PM - Found 1 error. Watching for file changes.
c6:26:47 PM - File change detected. Starting incremental compilation...

controllers/etasController copy.ts(3,38): error TS1005: ':' expected.

6:26:47 PM - Found 1 error. Watching for file changes.
c6:26:51 PM - File change detected. Starting incremental compilation...

controllers/etasController copy.ts(3,38): error TS1005: ':' expected.

6:26:51 PM - Found 1 error. Watching for file changes.
c6:26:52 PM - File change detected. Starting incremental compilation...

controllers/etasController copy.ts(3,38): error TS1005: ':' expected.

6:26:52 PM - Found 1 error. Watching for file changes.
c6:26:53 PM - File change detected. Starting incremental compilation...

controllers/etasController copy.ts(3,38): error TS1005: ':' expected.

6:26:53 PM - Found 1 error. Watching for file changes.
c6:27:43 PM - File change detected. Starting incremental compilation...

controllers/PaymentIntentController.ts(64,34): error TS1128: Declaration or statement expected.
controllers/PaymentIntentController.ts(67,9): error TS1128: Declaration or statement expected.
controllers/PaymentIntentController.ts(77,5): error TS1128: Declaration or statement expected.
controllers/PaymentIntentController.ts(77,7): error TS1005: 'try' expected.
controllers/PaymentIntentController.ts(83,1): error TS1128: Declaration or statement expected.
controllers/etasController copy.ts(3,38): error TS1005: ':' expected.

6:27:43 PM - Found 6 errors. Watching for file changes.
c6:27:46 PM - File change detected. Starting incremental compilation...

controllers/etasController copy.ts(3,38): error TS1005: ':' expected.

6:27:47 PM - Found 1 error. Watching for file changes.
c6:27:48 PM - File change detected. Starting incremental compilation...

controllers/etasController copy.ts(3,38): error TS1005: ':' expected.

6:27:48 PM - Found 1 error. Watching for file changes.
c6:27:49 PM - File change detected. Starting incremental compilation...

controllers/etasController copy.ts(3,38): error TS1005: ':' expected.

6:27:49 PM - Found 1 error. Watching for file changes.
c6:27:50 PM - File change detected. Starting incremental compilation...

controllers/etasController copy.ts(3,38): error TS1005: ':' expected.

6:27:51 PM - Found 1 error. Watching for file changes.
c6:28:15 PM - File change detected. Starting incremental compilation...

controllers/etasController copy.ts(3,38): error TS1005: ':' expected.

6:28:16 PM - Found 1 error. Watching for file changes.
c6:28:30 PM - File change detected. Starting incremental compilation...

controllers/etasController copy.ts(3,38): error TS1005: ':' expected.

6:28:30 PM - Found 1 error. Watching for file changes.
c6:28:41 PM - File change detected. Starting incremental compilation...

controllers/etasController copy.ts(3,38): error TS1005: ':' expected.

6:28:41 PM - Found 1 error. Watching for file changes.
c6:32:57 PM - File change detected. Starting incremental compilation...

controllers/etasController copy.ts(3,38): error TS1005: ':' expected.

6:32:57 PM - Found 1 error. Watching for file changes.
c6:33:00 PM - File change detected. Starting incremental compilation...

controllers/etasController copy.ts(3,38): error TS1005: ':' expected.

6:33:00 PM - Found 1 error. Watching for file changes.
c6:33:01 PM - File change detected. Starting incremental compilation...

controllers/etasController copy.ts(3,38): error TS1005: ':' expected.

6:33:01 PM - Found 1 error. Watching for file changes.
c6:34:16 PM - File change detected. Starting incremental compilation...

controllers/etasController copy.ts(3,38): error TS1005: ':' expected.

6:34:16 PM - Found 1 error. Watching for file changes.
c6:34:46 PM - File change detected. Starting incremental compilation...

controllers/etasController copy.ts(3,38): error TS1005: ':' expected.

6:34:46 PM - Found 1 error. Watching for file changes.
c6:34:51 PM - File change detected. Starting incremental compilation...

controllers/etasController copy.ts(3,38): error TS1005: ':' expected.

6:34:51 PM - Found 1 error. Watching for file changes.
c6:35:57 PM - File change detected. Starting incremental compilation...

controllers/etasController copy.ts(3,38): error TS1005: ':' expected.

6:35:57 PM - Found 1 error. Watching for file changes.
c6:36:00 PM - File change detected. Starting incremental compilation...

controllers/etasController copy.ts(3,38): error TS1005: ':' expected.

6:36:00 PM - Found 1 error. Watching for file changes.
c6:36:09 PM - File change detected. Starting incremental compilation...

controllers/etasController copy.ts(3,38): error TS1005: ':' expected.

6:36:09 PM - Found 1 error. Watching for file changes.
c6:36:10 PM - File change detected. Starting incremental compilation...

controllers/etasController copy.ts(3,38): error TS1005: ':' expected.

6:36:11 PM - Found 1 error. Watching for file changes.
c6:36:16 PM - File change detected. Starting incremental compilation...

controllers/etasController copy.ts(3,38): error TS1005: ':' expected.

6:36:16 PM - Found 1 error. Watching for file changes.
c6:36:21 PM - File change detected. Starting incremental compilation...

controllers/etasController copy.ts(3,38): error TS1005: ':' expected.

6:36:21 PM - Found 1 error. Watching for file changes.
c6:36:23 PM - File change detected. Starting incremental compilation...

controllers/etasController copy.ts(3,38): error TS1005: ':' expected.

6:36:23 PM - Found 1 error. Watching for file changes.
c6:36:33 PM - File change detected. Starting incremental compilation...

controllers/etasController copy.ts(3,38): error TS1005: ':' expected.

6:36:33 PM - Found 1 error. Watching for file changes.
c6:36:34 PM - File change detected. Starting incremental compilation...

controllers/etasController copy.ts(3,38): error TS1005: ':' expected.

6:36:34 PM - Found 1 error. Watching for file changes.
c6:36:40 PM - File change detected. Starting incremental compilation...

controllers/etasController copy.ts(3,38): error TS1005: ':' expected.

6:36:41 PM - Found 1 error. Watching for file changes.
c6:36:42 PM - File change detected. Starting incremental compilation...

controllers/etasController copy.ts(3,38): error TS1005: ':' expected.

6:36:42 PM - Found 1 error. Watching for file changes.
c6:37:04 PM - File change detected. Starting incremental compilation...

controllers/etasController copy.ts(3,38): error TS1005: ':' expected.

6:37:04 PM - Found 1 error. Watching for file changes.
c6:37:09 PM - File change detected. Starting incremental compilation...

controllers/etasController copy.ts(3,38): error TS1005: ':' expected.

6:37:09 PM - Found 1 error. Watching for file changes.
c6:37:10 PM - File change detected. Starting incremental compilation...

controllers/etasController copy.ts(3,38): error TS1005: ':' expected.

6:37:10 PM - Found 1 error. Watching for file changes.
c6:37:57 PM - File change detected. Starting incremental compilation...

controllers/etasController copy.ts(3,38): error TS1005: ':' expected.

6:37:57 PM - Found 1 error. Watching for file changes.
c6:37:58 PM - File change detected. Starting incremental compilation...

controllers/etasController copy.ts(3,38): error TS1005: ':' expected.

6:37:58 PM - Found 1 error. Watching for file changes.
c6:38:09 PM - File change detected. Starting incremental compilation...

controllers/etasController copy.ts(3,38): error TS1005: ':' expected.

6:38:09 PM - Found 1 error. Watching for file changes.
c6:38:11 PM - File change detected. Starting incremental compilation...

controllers/etasController copy.ts(3,38): error TS1005: ':' expected.

6:38:11 PM - Found 1 error. Watching for file changes.
c6:38:18 PM - File change detected. Starting incremental compilation...

controllers/etasController copy.ts(3,38): error TS1005: ':' expected.

6:38:18 PM - Found 1 error. Watching for file changes.
c6:38:19 PM - File change detected. Starting incremental compilation...

controllers/etasController copy.ts(3,38): error TS1005: ':' expected.

6:38:19 PM - Found 1 error. Watching for file changes.
c6:38:27 PM - File change detected. Starting incremental compilation...

controllers/etasController copy.ts(3,38): error TS1005: ':' expected.

6:38:27 PM - Found 1 error. Watching for file changes.
c6:38:28 PM - File change detected. Starting incremental compilation...

controllers/etasController copy.ts(3,38): error TS1005: ':' expected.

6:38:28 PM - Found 1 error. Watching for file changes.
c6:38:37 PM - File change detected. Starting incremental compilation...

controllers/etasController copy.ts(3,38): error TS1005: ':' expected.

6:38:37 PM - Found 1 error. Watching for file changes.
c6:38:38 PM - File change detected. Starting incremental compilation...

controllers/etasController copy.ts(3,38): error TS1005: ':' expected.

6:38:38 PM - Found 1 error. Watching for file changes.
c6:38:41 PM - File change detected. Starting incremental compilation...

controllers/etasController copy.ts(3,38): error TS1005: ':' expected.

6:38:41 PM - Found 1 error. Watching for file changes.
c6:38:42 PM - File change detected. Starting incremental compilation...

controllers/etasController copy.ts(3,38): error TS1005: ':' expected.

6:38:42 PM - Found 1 error. Watching for file changes.
c6:38:51 PM - File change detected. Starting incremental compilation...

controllers/etasController copy.ts(3,38): error TS1005: ':' expected.

6:38:52 PM - Found 1 error. Watching for file changes.
c6:39:03 PM - File change detected. Starting incremental compilation...

controllers/etasController copy.ts(3,38): error TS1005: ':' expected.

6:39:03 PM - Found 1 error. Watching for file changes.
c7:06:27 PM - File change detected. Starting incremental compilation...

controllers/etasController copy.ts(3,38): error TS1005: ':' expected.

7:06:27 PM - Found 1 error. Watching for file changes.
c7:06:39 PM - File change detected. Starting incremental compilation...

controllers/etasController copy.ts(3,38): error TS1005: ':' expected.

7:06:39 PM - Found 1 error. Watching for file changes.
c7:06:46 PM - File change detected. Starting incremental compilation...

controllers/etasController copy.ts(3,38): error TS1005: ':' expected.

7:06:46 PM - Found 1 error. Watching for file changes.
c7:07:50 PM - File change detected. Starting incremental compilation...

controllers/etasController copy.ts(3,38): error TS1005: ':' expected.

7:07:51 PM - Found 1 error. Watching for file changes.
c7:07:53 PM - File change detected. Starting incremental compilation...

controllers/etasController copy.ts(3,38): error TS1005: ':' expected.

7:07:54 PM - Found 1 error. Watching for file changes.
c7:07:55 PM - File change detected. Starting incremental compilation...

controllers/etasController copy.ts(3,38): error TS1005: ':' expected.

7:07:55 PM - Found 1 error. Watching for file changes.
c7:08:07 PM - File change detected. Starting incremental compilation...

controllers/etasController copy.ts(3,38): error TS1005: ':' expected.

7:08:07 PM - Found 1 error. Watching for file changes.
c7:20:06 PM - File change detected. Starting incremental compilation...

controllers/etasController copy.ts(3,38): error TS1005: ':' expected.

7:20:06 PM - Found 1 error. Watching for file changes.
c7:20:08 PM - File change detected. Starting incremental compilation...

controllers/etasController copy.ts(3,38): error TS1005: ':' expected.

7:20:08 PM - Found 1 error. Watching for file changes.
c7:20:13 PM - File change detected. Starting incremental compilation...

controllers/etasController copy.ts(3,38): error TS1005: ':' expected.

7:20:14 PM - Found 1 error. Watching for file changes.
c7:20:38 PM - File change detected. Starting incremental compilation...

controllers/etasController copy.ts(3,38): error TS1005: ':' expected.

7:20:38 PM - Found 1 error. Watching for file changes.
c7:21:07 PM - File change detected. Starting incremental compilation...

controllers/etasController copy.ts(3,38): error TS1005: ':' expected.

7:21:07 PM - Found 1 error. Watching for file changes.
c7:21:18 PM - File change detected. Starting incremental compilation...

controllers/etasController copy.ts(3,38): error TS1005: ':' expected.

7:21:18 PM - Found 1 error. Watching for file changes.
c7:21:22 PM - File change detected. Starting incremental compilation...

controllers/etasController copy.ts(3,38): error TS1005: ':' expected.

7:21:23 PM - Found 1 error. Watching for file changes.
c7:21:30 PM - File change detected. Starting incremental compilation...

controllers/etasController copy.ts(3,38): error TS1005: ':' expected.

7:21:31 PM - Found 1 error. Watching for file changes.
c7:21:51 PM - File change detected. Starting incremental compilation...

controllers/etasController copy.ts(3,38): error TS1005: ':' expected.

7:21:52 PM - Found 1 error. Watching for file changes.
c7:32:46 PM - File change detected. Starting incremental compilation...

controllers/PaymentIntentController.ts(73,43): error TS1005: ';' expected.
controllers/etasController copy.ts(3,38): error TS1005: ':' expected.

7:32:47 PM - Found 2 errors. Watching for file changes.
c7:32:52 PM - File change detected. Starting incremental compilation...

controllers/PaymentIntentController.ts(73,43): error TS1005: ';' expected.
controllers/etasController copy.ts(3,38): error TS1005: ':' expected.

7:32:53 PM - Found 2 errors. Watching for file changes.
c7:32:58 PM - File change detected. Starting incremental compilation...

controllers/etasController copy.ts(3,38): error TS1005: ':' expected.

7:32:58 PM - Found 1 error. Watching for file changes.
c7:35:35 PM - File change detected. Starting incremental compilation...

controllers/etasController copy.ts(3,38): error TS1005: ':' expected.

7:35:35 PM - Found 1 error. Watching for file changes.
c7:36:09 PM - File change detected. Starting incremental compilation...

controllers/etasController copy.ts(3,38): error TS1005: ':' expected.

7:36:09 PM - Found 1 error. Watching for file changes.
c7:36:10 PM - File change detected. Starting incremental compilation...

controllers/etasController copy.ts(3,38): error TS1005: ':' expected.

7:36:10 PM - Found 1 error. Watching for file changes.
c7:36:12 PM - File change detected. Starting incremental compilation...

controllers/etasController copy.ts(3,38): error TS1005: ':' expected.

7:36:13 PM - Found 1 error. Watching for file changes.
c7:36:22 PM - File change detected. Starting incremental compilation...

controllers/etasController copy.ts(3,38): error TS1005: ':' expected.

7:36:22 PM - Found 1 error. Watching for file changes.
c7:36:23 PM - File change detected. Starting incremental compilation...

controllers/etasController copy.ts(3,38): error TS1005: ':' expected.

7:36:24 PM - Found 1 error. Watching for file changes.
c7:36:34 PM - File change detected. Starting incremental compilation...

controllers/etasController copy.ts(3,38): error TS1005: ':' expected.

7:36:35 PM - Found 1 error. Watching for file changes.
c7:40:06 PM - File change detected. Starting incremental compilation...

controllers/etasController copy.ts(3,38): error TS1005: ':' expected.

7:40:07 PM - Found 1 error. Watching for file changes.
c7:40:08 PM - File change detected. Starting incremental compilation...

controllers/etasController copy.ts(3,38): error TS1005: ':' expected.

7:40:08 PM - Found 1 error. Watching for file changes.
c7:40:11 PM - File change detected. Starting incremental compilation...

controllers/etasController copy.ts(3,38): error TS1005: ':' expected.

7:40:12 PM - Found 1 error. Watching for file changes.
c7:40:14 PM - File change detected. Starting incremental compilation...

controllers/etasController copy.ts(3,38): error TS1005: ':' expected.

7:40:14 PM - Found 1 error. Watching for file changes.
c7:40:20 PM - File change detected. Starting incremental compilation...

controllers/etasController copy.ts(3,38): error TS1005: ':' expected.

7:40:21 PM - Found 1 error. Watching for file changes.
c7:41:17 PM - File change detected. Starting incremental compilation...

controllers/etasController copy.ts(3,38): error TS1005: ':' expected.

7:41:17 PM - Found 1 error. Watching for file changes.
c7:41:18 PM - File change detected. Starting incremental compilation...

controllers/etasController copy.ts(3,38): error TS1005: ':' expected.

7:41:18 PM - Found 1 error. Watching for file changes.
c7:41:35 PM - File change detected. Starting incremental compilation...

controllers/etasController copy.ts(3,38): error TS1005: ':' expected.

7:41:35 PM - Found 1 error. Watching for file changes.
c7:41:40 PM - File change detected. Starting incremental compilation...

controllers/etasController copy.ts(3,38): error TS1005: ':' expected.

7:41:40 PM - Found 1 error. Watching for file changes.
c7:41:41 PM - File change detected. Starting incremental compilation...

controllers/etasController copy.ts(3,38): error TS1005: ':' expected.

7:41:41 PM - Found 1 error. Watching for file changes.
c7:41:48 PM - File change detected. Starting incremental compilation...

controllers/etasController copy.ts(3,38): error TS1005: ':' expected.

7:41:49 PM - Found 1 error. Watching for file changes.
c7:41:53 PM - File change detected. Starting incremental compilation...

controllers/etasController copy.ts(3,38): error TS1005: ':' expected.

7:41:53 PM - Found 1 error. Watching for file changes.
c7:41:54 PM - File change detected. Starting incremental compilation...

controllers/etasController copy.ts(3,38): error TS1005: ':' expected.

7:41:55 PM - Found 1 error. Watching for file changes.
c7:42:02 PM - File change detected. Starting incremental compilation...

controllers/etasController copy.ts(3,38): error TS1005: ':' expected.

7:42:02 PM - Found 1 error. Watching for file changes.
c7:42:04 PM - File change detected. Starting incremental compilation...

controllers/etasController copy.ts(3,38): error TS1005: ':' expected.

7:42:05 PM - Found 1 error. Watching for file changes.
c7:42:43 PM - File change detected. Starting incremental compilation...

controllers/etasController copy.ts(3,38): error TS1005: ':' expected.

7:42:44 PM - Found 1 error. Watching for file changes.
c7:43:00 PM - File change detected. Starting incremental compilation...

controllers/etasController copy.ts(3,38): error TS1005: ':' expected.

7:43:01 PM - Found 1 error. Watching for file changes.
c7:43:17 PM - File change detected. Starting incremental compilation...

controllers/etasController copy.ts(3,38): error TS1005: ':' expected.

7:43:17 PM - Found 1 error. Watching for file changes.
c7:43:37 PM - File change detected. Starting incremental compilation...

controllers/etasController copy.ts(3,38): error TS1005: ':' expected.

7:43:38 PM - Found 1 error. Watching for file changes.
c7:43:39 PM - File change detected. Starting incremental compilation...

controllers/etasController copy.ts(3,38): error TS1005: ':' expected.

7:43:40 PM - Found 1 error. Watching for file changes.
c7:43:43 PM - File change detected. Starting incremental compilation...

controllers/etasController copy.ts(3,38): error TS1005: ':' expected.

7:43:43 PM - Found 1 error. Watching for file changes.
c7:44:02 PM - File change detected. Starting incremental compilation...

controllers/etasController copy.ts(3,38): error TS1005: ':' expected.

7:44:02 PM - Found 1 error. Watching for file changes.
c7:44:25 PM - File change detected. Starting incremental compilation...

controllers/etasController copy.ts(3,38): error TS1005: ':' expected.

7:44:25 PM - Found 1 error. Watching for file changes.
c7:44:29 PM - File change detected. Starting incremental compilation...

controllers/etasController copy.ts(3,38): error TS1005: ':' expected.

7:44:30 PM - Found 1 error. Watching for file changes.
c9:45:02 PM - File change detected. Starting incremental compilation...

controllers/etasController copy.ts(3,38): error TS1005: ':' expected.

9:45:02 PM - Found 1 error. Watching for file changes.
c9:48:28 PM - File change detected. Starting incremental compilation...

controllers/etasController copy.ts(3,38): error TS1005: ':' expected.

9:48:28 PM - Found 1 error. Watching for file changes.
c9:49:43 PM - File change detected. Starting incremental compilation...

controllers/etasController copy.ts(3,38): error TS1005: ':' expected.

9:49:44 PM - Found 1 error. Watching for file changes.
c9:50:05 PM - File change detected. Starting incremental compilation...

controllers/etasController copy.ts(3,38): error TS1005: ':' expected.

9:50:05 PM - Found 1 error. Watching for file changes.
c9:50:06 PM - File change detected. Starting incremental compilation...

controllers/etasController copy.ts(3,38): error TS1005: ':' expected.

9:50:06 PM - Found 1 error. Watching for file changes.
c9:50:12 PM - File change detected. Starting incremental compilation...

controllers/etasController copy.ts(3,38): error TS1005: ':' expected.

9:50:13 PM - Found 1 error. Watching for file changes.
c9:55:27 PM - File change detected. Starting incremental compilation...

controllers/etasController copy.ts(3,38): error TS1005: ':' expected.

9:55:27 PM - Found 1 error. Watching for file changes.
c9:55:28 PM - File change detected. Starting incremental compilation...

controllers/etasController copy.ts(3,38): error TS1005: ':' expected.

9:55:29 PM - Found 1 error. Watching for file changes.
c9:55:42 PM - File change detected. Starting incremental compilation...

controllers/etasController copy.ts(3,38): error TS1005: ':' expected.

9:55:42 PM - Found 1 error. Watching for file changes.
c9:55:47 PM - File change detected. Starting incremental compilation...

controllers/etasController copy.ts(3,38): error TS1005: ':' expected.

9:55:47 PM - Found 1 error. Watching for file changes.
c9:55:49 PM - File change detected. Starting incremental compilation...

controllers/etasController copy.ts(3,38): error TS1005: ':' expected.

9:55:49 PM - Found 1 error. Watching for file changes.
c9:57:22 PM - File change detected. Starting incremental compilation...

controllers/etasController copy.ts(3,38): error TS1005: ':' expected.

9:57:23 PM - Found 1 error. Watching for file changes.
c9:57:24 PM - File change detected. Starting incremental compilation...

controllers/etasController copy.ts(3,38): error TS1005: ':' expected.

9:57:24 PM - Found 1 error. Watching for file changes.
c9:57:27 PM - File change detected. Starting incremental compilation...

controllers/etasController copy.ts(3,38): error TS1005: ':' expected.

9:57:27 PM - Found 1 error. Watching for file changes.
c9:58:00 PM - File change detected. Starting incremental compilation...

controllers/StripeProductController.ts(200,9): error TS1434: Unexpected keyword or identifier.
controllers/etasController copy.ts(3,38): error TS1005: ':' expected.

9:58:01 PM - Found 2 errors. Watching for file changes.
c9:58:09 PM - File change detected. Starting incremental compilation...

controllers/etasController copy.ts(3,38): error TS1005: ':' expected.

9:58:09 PM - Found 1 error. Watching for file changes.
c9:58:12 PM - File change detected. Starting incremental compilation...

controllers/etasController copy.ts(3,38): error TS1005: ':' expected.

9:58:13 PM - Found 1 error. Watching for file changes.
c9:58:15 PM - File change detected. Starting incremental compilation...

controllers/StripeProductController.ts(200,28): error TS1109: Expression expected.
controllers/StripeProductController.ts(200,29): error TS1005: ';' expected.
controllers/etasController copy.ts(3,38): error TS1005: ':' expected.

9:58:15 PM - Found 3 errors. Watching for file changes.
c9:58:20 PM - File change detected. Starting incremental compilation...

controllers/etasController copy.ts(3,38): error TS1005: ':' expected.

9:58:20 PM - Found 1 error. Watching for file changes.
c9:58:21 PM - File change detected. Starting incremental compilation...

controllers/etasController copy.ts(3,38): error TS1005: ':' expected.

9:58:21 PM - Found 1 error. Watching for file changes.
c9:58:25 PM - File change detected. Starting incremental compilation...

controllers/etasController copy.ts(3,38): error TS1005: ':' expected.

9:58:25 PM - Found 1 error. Watching for file changes.
c9:58:26 PM - File change detected. Starting incremental compilation...

controllers/etasController copy.ts(3,38): error TS1005: ':' expected.

9:58:26 PM - Found 1 error. Watching for file changes.
c9:58:37 PM - File change detected. Starting incremental compilation...

controllers/etasController copy.ts(3,38): error TS1005: ':' expected.

9:58:38 PM - Found 1 error. Watching for file changes.
c9:58:58 PM - File change detected. Starting incremental compilation...

controllers/StripeProductController.ts(198,95): error TS1002: Unterminated string literal.
controllers/etasController copy.ts(3,38): error TS1005: ':' expected.

9:58:58 PM - Found 2 errors. Watching for file changes.
c9:58:59 PM - File change detected. Starting incremental compilation...

controllers/StripeProductController.ts(198,95): error TS1002: Unterminated string literal.
controllers/etasController copy.ts(3,38): error TS1005: ':' expected.

9:58:59 PM - Found 2 errors. Watching for file changes.
c9:59:02 PM - File change detected. Starting incremental compilation...

controllers/etasController copy.ts(3,38): error TS1005: ':' expected.

9:59:02 PM - Found 1 error. Watching for file changes.
c9:59:02 PM - File change detected. Starting incremental compilation...

controllers/etasController copy.ts(3,38): error TS1005: ':' expected.

9:59:03 PM - Found 1 error. Watching for file changes.
c9:59:11 PM - File change detected. Starting incremental compilation...

controllers/etasController copy.ts(3,38): error TS1005: ':' expected.

9:59:11 PM - Found 1 error. Watching for file changes.
c10:00:00 PM - File change detected. Starting incremental compilation...

controllers/etasController copy.ts(3,38): error TS1005: ':' expected.

10:00:01 PM - Found 1 error. Watching for file changes.
c10:00:08 PM - File change detected. Starting incremental compilation...

controllers/etasController copy.ts(3,38): error TS1005: ':' expected.

10:00:08 PM - Found 1 error. Watching for file changes.
c10:00:10 PM - File change detected. Starting incremental compilation...

controllers/StripeProductController.ts(245,61): error TS1005: ',' expected.
controllers/StripeProductController.ts(245,62): error TS1109: Expression expected.
controllers/StripeProductController.ts(245,63): error TS1005: ')' expected.
controllers/StripeProductController.ts(246,25): error TS1128: Declaration or statement expected.
controllers/StripeProductController.ts(246,35): error TS1005: ';' expected.
controllers/StripeProductController.ts(252,26): error TS1128: Declaration or statement expected.
controllers/StripeProductController.ts(253,21): error TS1128: Declaration or statement expected.
controllers/StripeProductController.ts(253,22): error TS1128: Declaration or statement expected.
controllers/StripeProductController.ts(254,17): error TS1128: Declaration or statement expected.
controllers/StripeProductController.ts(254,18): error TS1128: Declaration or statement expected.
controllers/StripeProductController.ts(262,13): error TS1128: Declaration or statement expected.
controllers/StripeProductController.ts(262,14): error TS1128: Declaration or statement expected.
controllers/StripeProductController.ts(263,9): error TS1128: Declaration or statement expected.
controllers/StripeProductController.ts(276,5): error TS1128: Declaration or statement expected.
controllers/StripeProductController.ts(276,7): error TS1005: 'try' expected.
controllers/StripeProductController.ts(281,1): error TS1128: Declaration or statement expected.
controllers/etasController copy.ts(3,38): error TS1005: ':' expected.

10:00:10 PM - Found 17 errors. Watching for file changes.
c10:00:11 PM - File change detected. Starting incremental compilation...

controllers/etasController copy.ts(3,38): error TS1005: ':' expected.

10:00:12 PM - Found 1 error. Watching for file changes.
c10:00:15 PM - File change detected. Starting incremental compilation...

controllers/etasController copy.ts(3,38): error TS1005: ':' expected.

10:00:15 PM - Found 1 error. Watching for file changes.
c10:00:20 PM - File change detected. Starting incremental compilation...

controllers/etasController copy.ts(3,38): error TS1005: ':' expected.

10:00:20 PM - Found 1 error. Watching for file changes.
c10:00:21 PM - File change detected. Starting incremental compilation...

controllers/etasController copy.ts(3,38): error TS1005: ':' expected.

10:00:21 PM - Found 1 error. Watching for file changes.
c10:04:24 PM - File change detected. Starting incremental compilation...

controllers/etasController copy.ts(3,38): error TS1005: ':' expected.

10:04:24 PM - Found 1 error. Watching for file changes.
c10:05:04 PM - File change detected. Starting incremental compilation...

controllers/etasController copy.ts(3,38): error TS1005: ':' expected.

10:05:04 PM - Found 1 error. Watching for file changes.
c10:05:43 PM - File change detected. Starting incremental compilation...

controllers/etasController copy.ts(3,38): error TS1005: ':' expected.

10:05:44 PM - Found 1 error. Watching for file changes.
c10:05:45 PM - File change detected. Starting incremental compilation...

controllers/etasController copy.ts(3,38): error TS1005: ':' expected.

10:05:45 PM - Found 1 error. Watching for file changes.
c10:05:55 PM - File change detected. Starting incremental compilation...

controllers/etasController copy.ts(3,38): error TS1005: ':' expected.

10:05:56 PM - Found 1 error. Watching for file changes.
c10:06:59 PM - File change detected. Starting incremental compilation...

controllers/StripeProductController.ts(180,61): error TS1005: ':' expected.
controllers/StripeProductController.ts(181,53): error TS1005: ':' expected.
controllers/StripeProductController.ts(183,71): error TS1005: ':' expected.
controllers/StripeProductController.ts(184,61): error TS1005: ':' expected.
controllers/StripeProductController.ts(185,55): error TS1005: ':' expected.
controllers/StripeProductController.ts(186,51): error TS1005: ':' expected.
controllers/StripeProductController.ts(187,55): error TS1005: ':' expected.
controllers/StripeProductController.ts(188,61): error TS1005: ':' expected.
controllers/StripeProductController.ts(189,53): error TS1005: ':' expected.
controllers/StripeProductController.ts(190,67): error TS1005: ':' expected.
controllers/StripeProductController.ts(191,59): error TS1005: ':' expected.
controllers/StripeProductController.ts(192,57): error TS1005: ':' expected.
controllers/StripeProductController.ts(193,49): error TS1005: ':' expected.
controllers/StripeProductController.ts(194,38): error TS1003: Identifier expected.
controllers/StripeProductController.ts(194,47): error TS1005: ':' expected.
controllers/StripeProductController.ts(195,49): error TS1005: ':' expected.
controllers/StripeProductController.ts(196,53): error TS1005: ':' expected.
controllers/StripeProductController.ts(197,79): error TS1005: ':' expected.
controllers/etasController copy.ts(3,38): error TS1005: ':' expected.

10:07:00 PM - Found 19 errors. Watching for file changes.
c10:07:08 PM - File change detected. Starting incremental compilation...

controllers/etasController copy.ts(3,38): error TS1005: ':' expected.

10:07:08 PM - Found 1 error. Watching for file changes.
c10:07:23 PM - File change detected. Starting incremental compilation...

controllers/etasController copy.ts(3,38): error TS1005: ':' expected.

10:07:24 PM - Found 1 error. Watching for file changes.
c10:07:25 PM - File change detected. Starting incremental compilation...

controllers/etasController copy.ts(3,38): error TS1005: ':' expected.

10:07:25 PM - Found 1 error. Watching for file changes.
c10:07:48 PM - File change detected. Starting incremental compilation...

controllers/etasController copy.ts(3,38): error TS1005: ':' expected.

10:07:48 PM - Found 1 error. Watching for file changes.
c10:07:53 PM - File change detected. Starting incremental compilation...

controllers/etasController copy.ts(3,38): error TS1005: ':' expected.

10:07:53 PM - Found 1 error. Watching for file changes.
c10:08:12 PM - File change detected. Starting incremental compilation...

controllers/etasController copy.ts(3,38): error TS1005: ':' expected.

10:08:12 PM - Found 1 error. Watching for file changes.
c10:08:45 PM - File change detected. Starting incremental compilation...

controllers/etasController copy.ts(3,38): error TS1005: ':' expected.

10:08:45 PM - Found 1 error. Watching for file changes.
c10:08:46 PM - File change detected. Starting incremental compilation...

controllers/etasController copy.ts(3,38): error TS1005: ':' expected.

10:08:47 PM - Found 1 error. Watching for file changes.
c10:08:47 PM - File change detected. Starting incremental compilation...

controllers/etasController copy.ts(3,38): error TS1005: ':' expected.

10:08:48 PM - Found 1 error. Watching for file changes.
c10:10:43 PM - File change detected. Starting incremental compilation...

controllers/etasController copy.ts(3,38): error TS1005: ':' expected.

10:10:43 PM - Found 1 error. Watching for file changes.
c10:11:00 PM - File change detected. Starting incremental compilation...

controllers/etasController copy.ts(3,38): error TS1005: ':' expected.

10:11:00 PM - Found 1 error. Watching for file changes.
c10:11:10 PM - File change detected. Starting incremental compilation...

controllers/etasController copy.ts(3,38): error TS1005: ':' expected.

10:11:10 PM - Found 1 error. Watching for file changes.
c10:11:11 PM - File change detected. Starting incremental compilation...

controllers/etasController copy.ts(3,38): error TS1005: ':' expected.

10:11:12 PM - Found 1 error. Watching for file changes.
c10:11:16 PM - File change detected. Starting incremental compilation...

controllers/etasController copy.ts(3,38): error TS1005: ':' expected.

10:11:17 PM - Found 1 error. Watching for file changes.
c10:11:22 PM - File change detected. Starting incremental compilation...

controllers/etasController copy.ts(3,38): error TS1005: ':' expected.

10:11:22 PM - Found 1 error. Watching for file changes.
c10:11:26 PM - File change detected. Starting incremental compilation...

controllers/etasController copy.ts(3,38): error TS1005: ':' expected.

10:11:26 PM - Found 1 error. Watching for file changes.
c10:11:38 PM - File change detected. Starting incremental compilation...

controllers/etasController copy.ts(3,38): error TS1005: ':' expected.

10:11:39 PM - Found 1 error. Watching for file changes.
c10:11:58 PM - File change detected. Starting incremental compilation...

controllers/etasController copy.ts(3,38): error TS1005: ':' expected.

10:11:59 PM - Found 1 error. Watching for file changes.
c10:12:02 PM - File change detected. Starting incremental compilation...

controllers/etasController copy.ts(3,38): error TS1005: ':' expected.

10:12:02 PM - Found 1 error. Watching for file changes.
c10:12:09 PM - File change detected. Starting incremental compilation...

controllers/etasController copy.ts(3,38): error TS1005: ':' expected.

10:12:09 PM - Found 1 error. Watching for file changes.
c10:12:10 PM - File change detected. Starting incremental compilation...

controllers/etasController copy.ts(3,38): error TS1005: ':' expected.

10:12:10 PM - Found 1 error. Watching for file changes.
c10:12:13 PM - File change detected. Starting incremental compilation...

controllers/etasController copy.ts(3,38): error TS1005: ':' expected.

10:12:14 PM - Found 1 error. Watching for file changes.
c10:12:27 PM - File change detected. Starting incremental compilation...

controllers/etasController copy.ts(3,38): error TS1005: ':' expected.

10:12:27 PM - Found 1 error. Watching for file changes.
c10:12:43 PM - File change detected. Starting incremental compilation...

controllers/etasController copy.ts(3,38): error TS1005: ':' expected.

10:12:44 PM - Found 1 error. Watching for file changes.
c10:12:45 PM - File change detected. Starting incremental compilation...

controllers/etasController copy.ts(3,38): error TS1005: ':' expected.

10:12:45 PM - Found 1 error. Watching for file changes.
c10:13:02 PM - File change detected. Starting incremental compilation...

controllers/etasController copy.ts(3,38): error TS1005: ':' expected.

10:13:02 PM - Found 1 error. Watching for file changes.
c10:14:06 PM - File change detected. Starting incremental compilation...

controllers/etasController copy.ts(3,38): error TS1005: ':' expected.

10:14:07 PM - Found 1 error. Watching for file changes.
c10:14:09 PM - File change detected. Starting incremental compilation...

controllers/etasController copy.ts(3,38): error TS1005: ':' expected.

10:14:09 PM - Found 1 error. Watching for file changes.
c10:14:13 PM - File change detected. Starting incremental compilation...

controllers/etasController copy.ts(3,38): error TS1005: ':' expected.

10:14:13 PM - Found 1 error. Watching for file changes.
c10:14:25 PM - File change detected. Starting incremental compilation...

controllers/etasController copy.ts(3,38): error TS1005: ':' expected.

10:14:25 PM - Found 1 error. Watching for file changes.
c10:14:32 PM - File change detected. Starting incremental compilation...

controllers/etasController copy.ts(3,38): error TS1005: ':' expected.

10:14:33 PM - Found 1 error. Watching for file changes.
c10:14:51 PM - File change detected. Starting incremental compilation...

controllers/etasController copy.ts(3,38): error TS1005: ':' expected.

10:14:52 PM - Found 1 error. Watching for file changes.
c10:15:01 PM - File change detected. Starting incremental compilation...

controllers/etasController copy.ts(3,38): error TS1005: ':' expected.

10:15:01 PM - Found 1 error. Watching for file changes.
c10:34:25 PM - File change detected. Starting incremental compilation...

controllers/etasController copy.ts(3,38): error TS1005: ':' expected.

10:34:25 PM - Found 1 error. Watching for file changes.
c10:34:55 PM - File change detected. Starting incremental compilation...

controllers/etasController copy.ts(3,38): error TS1005: ':' expected.

10:34:55 PM - Found 1 error. Watching for file changes.
c10:35:01 PM - File change detected. Starting incremental compilation...

controllers/etasController copy.ts(3,38): error TS1005: ':' expected.

10:35:02 PM - Found 1 error. Watching for file changes.
c10:35:08 PM - File change detected. Starting incremental compilation...

controllers/etasController copy.ts(3,38): error TS1005: ':' expected.

10:35:08 PM - Found 1 error. Watching for file changes.
c10:35:13 PM - File change detected. Starting incremental compilation...

controllers/etasController copy.ts(3,38): error TS1005: ':' expected.

10:35:13 PM - Found 1 error. Watching for file changes.
c10:35:44 PM - File change detected. Starting incremental compilation...

controllers/etasController copy.ts(3,38): error TS1005: ':' expected.

10:35:44 PM - Found 1 error. Watching for file changes.
c10:35:52 PM - File change detected. Starting incremental compilation...

controllers/etasController copy.ts(3,38): error TS1005: ':' expected.

10:35:52 PM - Found 1 error. Watching for file changes.
c10:38:25 PM - File change detected. Starting incremental compilation...

controllers/etasController copy.ts(3,38): error TS1005: ':' expected.

10:38:26 PM - Found 1 error. Watching for file changes.
c10:38:29 PM - File change detected. Starting incremental compilation...

controllers/etasController copy.ts(3,38): error TS1005: ':' expected.

10:38:29 PM - Found 1 error. Watching for file changes.
c10:38:42 PM - File change detected. Starting incremental compilation...

controllers/etasController copy.ts(3,38): error TS1005: ':' expected.

10:38:42 PM - Found 1 error. Watching for file changes.
c10:38:52 PM - File change detected. Starting incremental compilation...

controllers/etasController copy.ts(3,38): error TS1005: ':' expected.

10:38:53 PM - Found 1 error. Watching for file changes.
c10:38:57 PM - File change detected. Starting incremental compilation...

controllers/etasController copy.ts(3,38): error TS1005: ':' expected.

10:38:57 PM - Found 1 error. Watching for file changes.
c10:38:58 PM - File change detected. Starting incremental compilation...

controllers/etasController copy.ts(3,38): error TS1005: ':' expected.

10:38:58 PM - Found 1 error. Watching for file changes.
c10:39:25 PM - File change detected. Starting incremental compilation...

controllers/etasController copy.ts(3,38): error TS1005: ':' expected.

10:39:26 PM - Found 1 error. Watching for file changes.
c10:39:27 PM - File change detected. Starting incremental compilation...

controllers/etasController copy.ts(3,38): error TS1005: ':' expected.

10:39:27 PM - Found 1 error. Watching for file changes.
c10:39:28 PM - File change detected. Starting incremental compilation...

controllers/etasController copy.ts(3,38): error TS1005: ':' expected.

10:39:28 PM - Found 1 error. Watching for file changes.
c10:39:36 PM - File change detected. Starting incremental compilation...

controllers/etasController copy.ts(3,38): error TS1005: ':' expected.

10:39:36 PM - Found 1 error. Watching for file changes.
c10:39:46 PM - File change detected. Starting incremental compilation...

controllers/etasController copy.ts(3,38): error TS1005: ':' expected.

10:39:47 PM - Found 1 error. Watching for file changes.
c10:39:54 PM - File change detected. Starting incremental compilation...

controllers/etasController copy.ts(3,38): error TS1005: ':' expected.

10:39:55 PM - Found 1 error. Watching for file changes.
c10:40:02 PM - File change detected. Starting incremental compilation...

controllers/etasController copy.ts(3,38): error TS1005: ':' expected.

10:40:02 PM - Found 1 error. Watching for file changes.
c10:40:03 PM - File change detected. Starting incremental compilation...

controllers/etasController copy.ts(3,38): error TS1005: ':' expected.

10:40:03 PM - Found 1 error. Watching for file changes.
c10:40:16 PM - File change detected. Starting incremental compilation...

controllers/StripeProductController.ts(280,40): error TS1005: ',' expected.
controllers/etasController copy.ts(3,38): error TS1005: ':' expected.

10:40:16 PM - Found 2 errors. Watching for file changes.
c10:40:18 PM - File change detected. Starting incremental compilation...

controllers/etasController copy.ts(3,38): error TS1005: ':' expected.

10:40:18 PM - Found 1 error. Watching for file changes.
c10:40:19 PM - File change detected. Starting incremental compilation...

controllers/etasController copy.ts(3,38): error TS1005: ':' expected.

10:40:20 PM - Found 1 error. Watching for file changes.
c10:40:30 PM - File change detected. Starting incremental compilation...

controllers/etasController copy.ts(3,38): error TS1005: ':' expected.

10:40:30 PM - Found 1 error. Watching for file changes.
c10:40:51 PM - File change detected. Starting incremental compilation...

controllers/etasController copy.ts(3,38): error TS1005: ':' expected.

10:40:51 PM - Found 1 error. Watching for file changes.
c10:41:01 PM - File change detected. Starting incremental compilation...

controllers/StripeProductController.ts(181,22): error TS1005: ';' expected.
controllers/etasController copy.ts(3,38): error TS1005: ':' expected.

10:41:02 PM - Found 2 errors. Watching for file changes.
c10:41:03 PM - File change detected. Starting incremental compilation...

controllers/etasController copy.ts(3,38): error TS1005: ':' expected.

10:41:03 PM - Found 1 error. Watching for file changes.
c10:42:14 PM - File change detected. Starting incremental compilation...

controllers/etasController copy.ts(3,38): error TS1005: ':' expected.

10:42:15 PM - Found 1 error. Watching for file changes.
c10:42:22 PM - File change detected. Starting incremental compilation...

controllers/etasController copy.ts(3,38): error TS1005: ':' expected.

10:42:23 PM - Found 1 error. Watching for file changes.
c10:42:28 PM - File change detected. Starting incremental compilation...

controllers/StripeProductController.ts(181,33): error TS1135: Argument expression expected.
controllers/etasController copy.ts(3,38): error TS1005: ':' expected.

10:42:28 PM - Found 2 errors. Watching for file changes.
c10:42:37 PM - File change detected. Starting incremental compilation...

controllers/etasController copy.ts(3,38): error TS1005: ':' expected.

10:42:38 PM - Found 1 error. Watching for file changes.
c10:44:03 PM - File change detected. Starting incremental compilation...

controllers/etasController copy.ts(3,38): error TS1005: ':' expected.

10:44:03 PM - Found 1 error. Watching for file changes.
c10:45:27 PM - File change detected. Starting incremental compilation...

controllers/etasController copy.ts(3,38): error TS1005: ':' expected.

10:45:27 PM - Found 1 error. Watching for file changes.
c10:45:52 PM - File change detected. Starting incremental compilation...

controllers/etasController copy.ts(3,38): error TS1005: ':' expected.

10:45:53 PM - Found 1 error. Watching for file changes.
c10:46:59 PM - File change detected. Starting incremental compilation...

controllers/etasController copy.ts(3,38): error TS1005: ':' expected.

10:47:00 PM - Found 1 error. Watching for file changes.
c10:47:01 PM - File change detected. Starting incremental compilation...

controllers/etasController copy.ts(3,38): error TS1005: ':' expected.

10:47:02 PM - Found 1 error. Watching for file changes.
c10:48:55 PM - File change detected. Starting incremental compilation...

controllers/etasController copy.ts(3,38): error TS1005: ':' expected.

10:48:56 PM - Found 1 error. Watching for file changes.
c10:48:58 PM - File change detected. Starting incremental compilation...

controllers/StripeProductController.ts(182,10): error TS1005: ',' expected.
controllers/etasController copy.ts(3,38): error TS1005: ':' expected.

10:48:58 PM - Found 2 errors. Watching for file changes.
c10:48:59 PM - File change detected. Starting incremental compilation...

controllers/StripeProductController.ts(182,20): error TS1005: ',' expected.
controllers/etasController copy.ts(3,38): error TS1005: ':' expected.

10:48:59 PM - Found 2 errors. Watching for file changes.
c10:49:13 PM - File change detected. Starting incremental compilation...

controllers/etasController copy.ts(3,38): error TS1005: ':' expected.

10:49:13 PM - Found 1 error. Watching for file changes.
c10:49:14 PM - File change detected. Starting incremental compilation...

controllers/etasController copy.ts(3,38): error TS1005: ':' expected.

10:49:14 PM - Found 1 error. Watching for file changes.
c10:49:17 PM - File change detected. Starting incremental compilation...

controllers/etasController copy.ts(3,38): error TS1005: ':' expected.

10:49:17 PM - Found 1 error. Watching for file changes.
c10:49:19 PM - File change detected. Starting incremental compilation...

controllers/etasController copy.ts(3,38): error TS1005: ':' expected.

10:49:19 PM - Found 1 error. Watching for file changes.
c10:49:24 PM - File change detected. Starting incremental compilation...

controllers/etasController copy.ts(3,38): error TS1005: ':' expected.

10:49:24 PM - Found 1 error. Watching for file changes.
c10:49:42 PM - File change detected. Starting incremental compilation...

controllers/etasController copy.ts(3,38): error TS1005: ':' expected.

10:49:43 PM - Found 1 error. Watching for file changes.
c10:49:54 PM - File change detected. Starting incremental compilation...

controllers/etasController copy.ts(3,38): error TS1005: ':' expected.

10:49:54 PM - Found 1 error. Watching for file changes.
c10:49:56 PM - File change detected. Starting incremental compilation...

controllers/etasController copy.ts(3,38): error TS1005: ':' expected.

10:49:56 PM - Found 1 error. Watching for file changes.
c10:50:17 PM - File change detected. Starting incremental compilation...

controllers/etasController copy.ts(3,38): error TS1005: ':' expected.

10:50:18 PM - Found 1 error. Watching for file changes.
c10:50:22 PM - File change detected. Starting incremental compilation...

controllers/etasController copy.ts(3,38): error TS1005: ':' expected.

10:50:22 PM - Found 1 error. Watching for file changes.
c10:50:30 PM - File change detected. Starting incremental compilation...

controllers/etasController copy.ts(3,38): error TS1005: ':' expected.

10:50:30 PM - Found 1 error. Watching for file changes.
c10:50:31 PM - File change detected. Starting incremental compilation...

controllers/etasController copy.ts(3,38): error TS1005: ':' expected.

10:50:32 PM - Found 1 error. Watching for file changes.
c10:50:45 PM - File change detected. Starting incremental compilation...

controllers/etasController copy.ts(3,38): error TS1005: ':' expected.

10:50:45 PM - Found 1 error. Watching for file changes.
c10:50:50 PM - File change detected. Starting incremental compilation...

controllers/etasController copy.ts(3,38): error TS1005: ':' expected.

10:50:50 PM - Found 1 error. Watching for file changes.
c10:51:51 PM - File change detected. Starting incremental compilation...

controllers/etasController copy.ts(3,38): error TS1005: ':' expected.

10:51:51 PM - Found 1 error. Watching for file changes.
c10:51:59 PM - File change detected. Starting incremental compilation...

controllers/StripeProductController.ts(181,25): error TS1005: ',' expected.
controllers/etasController copy.ts(3,38): error TS1005: ':' expected.

10:51:59 PM - Found 2 errors. Watching for file changes.
c10:52:00 PM - File change detected. Starting incremental compilation...

controllers/StripeProductController.ts(181,25): error TS1005: ',' expected.
controllers/etasController copy.ts(3,38): error TS1005: ':' expected.

10:52:00 PM - Found 2 errors. Watching for file changes.
c10:52:11 PM - File change detected. Starting incremental compilation...

controllers/StripeProductController.ts(182,25): error TS1005: ',' expected.
controllers/etasController copy.ts(3,38): error TS1005: ':' expected.

10:52:12 PM - Found 2 errors. Watching for file changes.
c10:52:15 PM - File change detected. Starting incremental compilation...

controllers/etasController copy.ts(3,38): error TS1005: ':' expected.

10:52:15 PM - Found 1 error. Watching for file changes.
c10:52:18 PM - File change detected. Starting incremental compilation...

controllers/etasController copy.ts(3,38): error TS1005: ':' expected.

10:52:18 PM - Found 1 error. Watching for file changes.
c10:52:21 PM - File change detected. Starting incremental compilation...

controllers/etasController copy.ts(3,38): error TS1005: ':' expected.

10:52:21 PM - Found 1 error. Watching for file changes.
c11:02:05 PM - File change detected. Starting incremental compilation...

controllers/etasController copy.ts(3,38): error TS1005: ':' expected.

11:02:05 PM - Found 1 error. Watching for file changes.
c11:02:36 PM - File change detected. Starting incremental compilation...

controllers/etasController copy.ts(3,38): error TS1005: ':' expected.

11:02:36 PM - Found 1 error. Watching for file changes.
c11:02:38 PM - File change detected. Starting incremental compilation...

controllers/etasController copy.ts(3,38): error TS1005: ':' expected.

11:02:38 PM - Found 1 error. Watching for file changes.
c11:02:44 PM - File change detected. Starting incremental compilation...

controllers/etasController copy.ts(3,38): error TS1005: ':' expected.

11:02:44 PM - Found 1 error. Watching for file changes.
c11:02:45 PM - File change detected. Starting incremental compilation...

controllers/etasController copy.ts(3,38): error TS1005: ':' expected.

11:02:45 PM - Found 1 error. Watching for file changes.
c11:02:59 PM - File change detected. Starting incremental compilation...

controllers/etasController copy.ts(3,38): error TS1005: ':' expected.

11:02:59 PM - Found 1 error. Watching for file changes.
c11:03:05 PM - File change detected. Starting incremental compilation...

controllers/etasController copy.ts(3,38): error TS1005: ':' expected.

11:03:05 PM - Found 1 error. Watching for file changes.
c11:04:48 PM - File change detected. Starting incremental compilation...

controllers/etasController copy.ts(3,38): error TS1005: ':' expected.

11:04:48 PM - Found 1 error. Watching for file changes.
c11:05:00 PM - File change detected. Starting incremental compilation...

controllers/etasController copy.ts(3,38): error TS1005: ':' expected.

11:05:00 PM - Found 1 error. Watching for file changes.
c11:05:03 PM - File change detected. Starting incremental compilation...

controllers/StripeProductController.ts(192,5): error TS1005: ',' expected.
controllers/StripeProductController.ts(193,5): error TS1005: ',' expected.
controllers/StripeProductController.ts(194,5): error TS1005: ',' expected.
controllers/StripeProductController.ts(195,5): error TS1005: ',' expected.
controllers/etasController copy.ts(3,38): error TS1005: ':' expected.

11:05:03 PM - Found 5 errors. Watching for file changes.
c11:05:11 PM - File change detected. Starting incremental compilation...

controllers/etasController copy.ts(3,38): error TS1005: ':' expected.

11:05:11 PM - Found 1 error. Watching for file changes.
c11:05:40 PM - File change detected. Starting incremental compilation...

controllers/etasController copy.ts(3,38): error TS1005: ':' expected.

11:05:40 PM - Found 1 error. Watching for file changes.
c11:05:44 PM - File change detected. Starting incremental compilation...

controllers/etasController copy.ts(3,38): error TS1005: ':' expected.

11:05:44 PM - Found 1 error. Watching for file changes.
c11:10:30 PM - File change detected. Starting incremental compilation...

controllers/etasController copy.ts(3,38): error TS1005: ':' expected.

11:10:31 PM - Found 1 error. Watching for file changes.
c11:10:32 PM - File change detected. Starting incremental compilation...

controllers/etasController copy.ts(3,38): error TS1005: ':' expected.

11:10:32 PM - Found 1 error. Watching for file changes.
c11:14:20 PM - File change detected. Starting incremental compilation...

controllers/etasController copy.ts(3,38): error TS1005: ':' expected.

11:14:20 PM - Found 1 error. Watching for file changes.
c11:24:30 PM - File change detected. Starting incremental compilation...

controllers/etasController copy.ts(3,38): error TS1005: ':' expected.

11:24:30 PM - Found 1 error. Watching for file changes.
c11:24:32 PM - File change detected. Starting incremental compilation...

controllers/etasController copy.ts(3,38): error TS1005: ':' expected.

11:24:32 PM - Found 1 error. Watching for file changes.
c11:24:42 PM - File change detected. Starting incremental compilation...

controllers/etasController copy.ts(3,38): error TS1005: ':' expected.

11:24:42 PM - Found 1 error. Watching for file changes.
c11:24:43 PM - File change detected. Starting incremental compilation...

controllers/etasController copy.ts(3,38): error TS1005: ':' expected.

11:24:44 PM - Found 1 error. Watching for file changes.
c11:24:49 PM - File change detected. Starting incremental compilation...

controllers/etasController copy.ts(3,38): error TS1005: ':' expected.

11:24:49 PM - Found 1 error. Watching for file changes.
c11:25:11 PM - File change detected. Starting incremental compilation...

controllers/etasController copy.ts(3,38): error TS1005: ':' expected.

11:25:11 PM - Found 1 error. Watching for file changes.
c11:25:36 PM - File change detected. Starting incremental compilation...

controllers/etasController copy.ts(3,38): error TS1005: ':' expected.

11:25:36 PM - Found 1 error. Watching for file changes.
c11:25:51 PM - File change detected. Starting incremental compilation...

controllers/etasController copy.ts(3,38): error TS1005: ':' expected.

11:25:52 PM - Found 1 error. Watching for file changes.
c11:25:54 PM - File change detected. Starting incremental compilation...

controllers/etasController copy.ts(3,38): error TS1005: ':' expected.

11:25:55 PM - Found 1 error. Watching for file changes.
c11:26:35 PM - File change detected. Starting incremental compilation...

controllers/etasController copy.ts(3,38): error TS1005: ':' expected.

11:26:35 PM - Found 1 error. Watching for file changes.
c11:26:37 PM - File change detected. Starting incremental compilation...

controllers/etasController copy.ts(3,38): error TS1005: ':' expected.

11:26:37 PM - Found 1 error. Watching for file changes.
c11:26:39 PM - File change detected. Starting incremental compilation...

controllers/etasController copy.ts(3,38): error TS1005: ':' expected.

11:26:39 PM - Found 1 error. Watching for file changes.
c11:27:17 PM - File change detected. Starting incremental compilation...

controllers/etasController copy.ts(3,38): error TS1005: ':' expected.

11:27:17 PM - Found 1 error. Watching for file changes.
c11:27:35 PM - File change detected. Starting incremental compilation...

controllers/etasController copy.ts(3,38): error TS1005: ':' expected.

11:27:35 PM - Found 1 error. Watching for file changes.
c11:27:36 PM - File change detected. Starting incremental compilation...

controllers/etasController copy.ts(3,38): error TS1005: ':' expected.

11:27:37 PM - Found 1 error. Watching for file changes.
c11:27:38 PM - File change detected. Starting incremental compilation...

controllers/etasController copy.ts(3,38): error TS1005: ':' expected.

11:27:38 PM - Found 1 error. Watching for file changes.
c11:28:31 PM - File change detected. Starting incremental compilation...

controllers/etasController copy.ts(3,38): error TS1005: ':' expected.

11:28:32 PM - Found 1 error. Watching for file changes.
c11:28:37 PM - File change detected. Starting incremental compilation...

controllers/etasController copy.ts(3,38): error TS1005: ':' expected.

11:28:37 PM - Found 1 error. Watching for file changes.
c11:28:38 PM - File change detected. Starting incremental compilation...

controllers/etasController copy.ts(3,38): error TS1005: ':' expected.

11:28:39 PM - Found 1 error. Watching for file changes.
c11:28:53 PM - File change detected. Starting incremental compilation...

controllers/etasController copy.ts(3,38): error TS1005: ':' expected.

11:28:54 PM - Found 1 error. Watching for file changes.
c11:29:06 PM - File change detected. Starting incremental compilation...

controllers/etasController copy.ts(3,38): error TS1005: ':' expected.

11:29:06 PM - Found 1 error. Watching for file changes.
c11:29:13 PM - File change detected. Starting incremental compilation...

controllers/etasController copy.ts(3,38): error TS1005: ':' expected.

11:29:14 PM - Found 1 error. Watching for file changes.
c11:29:26 PM - File change detected. Starting incremental compilation...

controllers/etasController copy.ts(3,38): error TS1005: ':' expected.

11:29:26 PM - Found 1 error. Watching for file changes.
c11:29:31 PM - File change detected. Starting incremental compilation...

controllers/etasController copy.ts(3,38): error TS1005: ':' expected.

11:29:32 PM - Found 1 error. Watching for file changes.
c11:29:43 PM - File change detected. Starting incremental compilation...

controllers/etasController copy.ts(3,38): error TS1005: ':' expected.

11:29:43 PM - Found 1 error. Watching for file changes.
c11:29:50 PM - File change detected. Starting incremental compilation...

controllers/etasController copy.ts(3,38): error TS1005: ':' expected.

11:29:50 PM - Found 1 error. Watching for file changes.
c11:29:55 PM - File change detected. Starting incremental compilation...

controllers/etasController copy.ts(3,38): error TS1005: ':' expected.

11:29:55 PM - Found 1 error. Watching for file changes.
c11:30:07 PM - File change detected. Starting incremental compilation...

controllers/etasController copy.ts(3,38): error TS1005: ':' expected.

11:30:07 PM - Found 1 error. Watching for file changes.
c11:30:17 PM - File change detected. Starting incremental compilation...

controllers/etasController copy.ts(3,38): error TS1005: ':' expected.

11:30:17 PM - Found 1 error. Watching for file changes.
c11:30:26 PM - File change detected. Starting incremental compilation...

controllers/etasController copy.ts(3,38): error TS1005: ':' expected.

11:30:27 PM - Found 1 error. Watching for file changes.
c11:31:07 PM - File change detected. Starting incremental compilation...

controllers/etasController copy.ts(3,38): error TS1005: ':' expected.

11:31:07 PM - Found 1 error. Watching for file changes.
c11:31:58 PM - File change detected. Starting incremental compilation...

controllers/etasController copy.ts(3,38): error TS1005: ':' expected.

11:31:58 PM - Found 1 error. Watching for file changes.
c11:32:00 PM - File change detected. Starting incremental compilation...

controllers/etasController copy.ts(3,38): error TS1005: ':' expected.

11:32:00 PM - Found 1 error. Watching for file changes.
c11:32:37 PM - File change detected. Starting incremental compilation...

controllers/etasController copy.ts(3,38): error TS1005: ':' expected.

11:32:37 PM - Found 1 error. Watching for file changes.
c11:33:37 PM - File change detected. Starting incremental compilation...

controllers/etasController copy.ts(3,38): error TS1005: ':' expected.

11:33:37 PM - Found 1 error. Watching for file changes.
c11:33:55 PM - File change detected. Starting incremental compilation...

controllers/etasController copy.ts(3,38): error TS1005: ':' expected.

11:33:55 PM - Found 1 error. Watching for file changes.
c11:34:11 PM - File change detected. Starting incremental compilation...

controllers/etasController copy.ts(3,38): error TS1005: ':' expected.

11:34:12 PM - Found 1 error. Watching for file changes.
c11:35:38 PM - File change detected. Starting incremental compilation...

controllers/etasController copy.ts(3,38): error TS1005: ':' expected.

11:35:38 PM - Found 1 error. Watching for file changes.
c11:35:39 PM - File change detected. Starting incremental compilation...

controllers/etasController copy.ts(3,38): error TS1005: ':' expected.

11:35:39 PM - Found 1 error. Watching for file changes.
c11:37:27 PM - File change detected. Starting incremental compilation...

controllers/etasController copy.ts(3,38): error TS1005: ':' expected.

11:37:27 PM - Found 1 error. Watching for file changes.
c11:37:33 PM - File change detected. Starting incremental compilation...

controllers/StripeProductController.ts(283,51): error TS1005: ',' expected.
controllers/etasController copy.ts(3,38): error TS1005: ':' expected.

11:37:33 PM - Found 2 errors. Watching for file changes.
c11:37:34 PM - File change detected. Starting incremental compilation...

controllers/StripeProductController.ts(283,51): error TS1005: ',' expected.
controllers/etasController copy.ts(3,38): error TS1005: ':' expected.

11:37:35 PM - Found 2 errors. Watching for file changes.
c11:37:40 PM - File change detected. Starting incremental compilation...

controllers/etasController copy.ts(3,38): error TS1005: ':' expected.

11:37:40 PM - Found 1 error. Watching for file changes.
c11:37:48 PM - File change detected. Starting incremental compilation...

controllers/etasController copy.ts(3,38): error TS1005: ':' expected.

11:37:48 PM - Found 1 error. Watching for file changes.
c11:37:50 PM - File change detected. Starting incremental compilation...

controllers/etasController copy.ts(3,38): error TS1005: ':' expected.

11:37:50 PM - Found 1 error. Watching for file changes.
c11:37:52 PM - File change detected. Starting incremental compilation...

controllers/StripeProductController.ts(283,51): error TS1005: ',' expected.
controllers/etasController copy.ts(3,38): error TS1005: ':' expected.

11:37:53 PM - Found 2 errors. Watching for file changes.
c11:37:56 PM - File change detected. Starting incremental compilation...

controllers/StripeProductController.ts(283,51): error TS1005: ',' expected.
controllers/StripeProductController.ts(283,60): error TS1005: ',' expected.
controllers/etasController copy.ts(3,38): error TS1005: ':' expected.

11:37:56 PM - Found 3 errors. Watching for file changes.
c11:37:58 PM - File change detected. Starting incremental compilation...

controllers/StripeProductController.ts(283,51): error TS1005: ',' expected.
controllers/StripeProductController.ts(283,61): error TS1005: ',' expected.
controllers/etasController copy.ts(3,38): error TS1005: ':' expected.

11:37:58 PM - Found 3 errors. Watching for file changes.
c11:38:06 PM - File change detected. Starting incremental compilation...

controllers/etasController copy.ts(3,38): error TS1005: ':' expected.

11:38:06 PM - Found 1 error. Watching for file changes.
c11:38:13 PM - File change detected. Starting incremental compilation...

controllers/etasController copy.ts(3,38): error TS1005: ':' expected.

11:38:14 PM - Found 1 error. Watching for file changes.
c11:38:50 PM - File change detected. Starting incremental compilation...

controllers/etasController copy.ts(3,38): error TS1005: ':' expected.

11:38:50 PM - Found 1 error. Watching for file changes.
c11:39:06 PM - File change detected. Starting incremental compilation...

controllers/etasController copy.ts(3,38): error TS1005: ':' expected.

11:39:07 PM - Found 1 error. Watching for file changes.
c11:39:11 PM - File change detected. Starting incremental compilation...

controllers/etasController copy.ts(3,38): error TS1005: ':' expected.

11:39:11 PM - Found 1 error. Watching for file changes.
c11:39:24 PM - File change detected. Starting incremental compilation...

controllers/etasController copy.ts(3,38): error TS1005: ':' expected.

11:39:24 PM - Found 1 error. Watching for file changes.
c11:39:25 PM - File change detected. Starting incremental compilation...

controllers/etasController copy.ts(3,38): error TS1005: ':' expected.

11:39:25 PM - Found 1 error. Watching for file changes.
c11:39:35 PM - File change detected. Starting incremental compilation...

controllers/etasController copy.ts(3,38): error TS1005: ':' expected.

11:39:36 PM - Found 1 error. Watching for file changes.
c11:39:43 PM - File change detected. Starting incremental compilation...

controllers/etasController copy.ts(3,38): error TS1005: ':' expected.

11:39:43 PM - Found 1 error. Watching for file changes.
c11:39:58 PM - File change detected. Starting incremental compilation...

controllers/etasController copy.ts(3,38): error TS1005: ':' expected.

11:39:59 PM - Found 1 error. Watching for file changes.
c11:40:02 PM - File change detected. Starting incremental compilation...

controllers/etasController copy.ts(3,38): error TS1005: ':' expected.

11:40:03 PM - Found 1 error. Watching for file changes.
c11:40:04 PM - File change detected. Starting incremental compilation...

controllers/etasController copy.ts(3,38): error TS1005: ':' expected.

11:40:04 PM - Found 1 error. Watching for file changes.
c11:40:51 PM - File change detected. Starting incremental compilation...

controllers/etasController copy.ts(3,38): error TS1005: ':' expected.

11:40:52 PM - Found 1 error. Watching for file changes.
c11:40:52 PM - File change detected. Starting incremental compilation...

controllers/etasController copy.ts(3,38): error TS1005: ':' expected.

11:40:53 PM - Found 1 error. Watching for file changes.
c11:41:02 PM - File change detected. Starting incremental compilation...

controllers/etasController copy.ts(3,38): error TS1005: ':' expected.

11:41:03 PM - Found 1 error. Watching for file changes.
c11:41:09 PM - File change detected. Starting incremental compilation...

controllers/etasController copy.ts(3,38): error TS1005: ':' expected.

11:41:09 PM - Found 1 error. Watching for file changes.
c11:41:10 PM - File change detected. Starting incremental compilation...

controllers/etasController copy.ts(3,38): error TS1005: ':' expected.

11:41:10 PM - Found 1 error. Watching for file changes.
c11:41:14 PM - File change detected. Starting incremental compilation...

controllers/etasController copy.ts(3,38): error TS1005: ':' expected.

11:41:14 PM - Found 1 error. Watching for file changes.
c11:41:16 PM - File change detected. Starting incremental compilation...

controllers/etasController copy.ts(3,38): error TS1005: ':' expected.

11:41:16 PM - Found 1 error. Watching for file changes.
c11:41:20 PM - File change detected. Starting incremental compilation...

controllers/etasController copy.ts(3,38): error TS1005: ':' expected.

11:41:20 PM - Found 1 error. Watching for file changes.
c11:41:32 PM - File change detected. Starting incremental compilation...

controllers/etasController copy.ts(3,38): error TS1005: ':' expected.

11:41:32 PM - Found 1 error. Watching for file changes.
c11:41:43 PM - File change detected. Starting incremental compilation...

controllers/etasController copy.ts(3,38): error TS1005: ':' expected.

11:41:43 PM - Found 1 error. Watching for file changes.
c11:41:52 PM - File change detected. Starting incremental compilation...

controllers/etasController copy.ts(3,38): error TS1005: ':' expected.

11:41:52 PM - Found 1 error. Watching for file changes.
c11:41:54 PM - File change detected. Starting incremental compilation...

controllers/etasController copy.ts(3,38): error TS1005: ':' expected.

11:41:54 PM - Found 1 error. Watching for file changes.
c11:43:04 PM - File change detected. Starting incremental compilation...

controllers/etasController copy.ts(3,38): error TS1005: ':' expected.

11:43:05 PM - Found 1 error. Watching for file changes.
c11:43:06 PM - File change detected. Starting incremental compilation...

controllers/etasController copy.ts(3,38): error TS1005: ':' expected.

11:43:07 PM - Found 1 error. Watching for file changes.
c11:43:10 PM - File change detected. Starting incremental compilation...

controllers/etasController copy.ts(3,38): error TS1005: ':' expected.

11:43:10 PM - Found 1 error. Watching for file changes.
c11:43:20 PM - File change detected. Starting incremental compilation...

controllers/etasController copy.ts(3,38): error TS1005: ':' expected.

11:43:20 PM - Found 1 error. Watching for file changes.
c11:46:45 PM - File change detected. Starting incremental compilation...

controllers/etasController copy.ts(3,38): error TS1005: ':' expected.

11:46:45 PM - Found 1 error. Watching for file changes.
c11:46:56 PM - File change detected. Starting incremental compilation...

controllers/etasController copy.ts(3,38): error TS1005: ':' expected.

11:46:56 PM - Found 1 error. Watching for file changes.
c11:47:16 PM - File change detected. Starting incremental compilation...

controllers/etasController copy.ts(3,38): error TS1005: ':' expected.

11:47:17 PM - Found 1 error. Watching for file changes.
c11:47:18 PM - File change detected. Starting incremental compilation...

controllers/etasController copy.ts(3,38): error TS1005: ':' expected.

11:47:18 PM - Found 1 error. Watching for file changes.
c11:47:40 PM - File change detected. Starting incremental compilation...

controllers/etasController copy.ts(3,38): error TS1005: ':' expected.

11:47:40 PM - Found 1 error. Watching for file changes.
c11:48:54 PM - File change detected. Starting incremental compilation...

controllers/etasController copy.ts(3,38): error TS1005: ':' expected.

11:48:54 PM - Found 1 error. Watching for file changes.
c11:48:56 PM - File change detected. Starting incremental compilation...

controllers/etasController copy.ts(3,38): error TS1005: ':' expected.

11:48:56 PM - Found 1 error. Watching for file changes.
c11:49:40 PM - File change detected. Starting incremental compilation...

controllers/etasController copy.ts(3,38): error TS1005: ':' expected.

11:49:40 PM - Found 1 error. Watching for file changes.
c11:49:48 PM - File change detected. Starting incremental compilation...

controllers/etasController copy.ts(3,38): error TS1005: ':' expected.

11:49:48 PM - Found 1 error. Watching for file changes.
c11:49:51 PM - File change detected. Starting incremental compilation...

controllers/StripeProductController.ts(348,13): error TS1005: ',' expected.
controllers/etasController copy.ts(3,38): error TS1005: ':' expected.

11:49:51 PM - Found 2 errors. Watching for file changes.
c11:49:53 PM - File change detected. Starting incremental compilation...

controllers/etasController copy.ts(3,38): error TS1005: ':' expected.

11:49:53 PM - Found 1 error. Watching for file changes.
c11:55:07 PM - File change detected. Starting incremental compilation...

controllers/etasController copy.ts(3,38): error TS1005: ':' expected.

11:55:08 PM - Found 1 error. Watching for file changes.
c11:55:20 PM - File change detected. Starting incremental compilation...

controllers/etasController copy.ts(3,38): error TS1005: ':' expected.

11:55:20 PM - Found 1 error. Watching for file changes.
c11:55:31 PM - File change detected. Starting incremental compilation...

controllers/etasController copy.ts(3,38): error TS1005: ':' expected.

11:55:31 PM - Found 1 error. Watching for file changes.
c11:55:32 PM - File change detected. Starting incremental compilation...

controllers/etasController copy.ts(3,38): error TS1005: ':' expected.

11:55:32 PM - Found 1 error. Watching for file changes.
c11:56:09 PM - File change detected. Starting incremental compilation...

controllers/etasController copy.ts(3,38): error TS1005: ':' expected.

11:56:09 PM - Found 1 error. Watching for file changes.
c11:56:20 PM - File change detected. Starting incremental compilation...

controllers/etasController copy.ts(3,38): error TS1005: ':' expected.

11:56:21 PM - Found 1 error. Watching for file changes.
c11:56:22 PM - File change detected. Starting incremental compilation...

controllers/etasController copy.ts(3,38): error TS1005: ':' expected.

11:56:22 PM - Found 1 error. Watching for file changes.
c11:56:38 PM - File change detected. Starting incremental compilation...

controllers/etasController copy.ts(3,38): error TS1005: ':' expected.

11:56:38 PM - Found 1 error. Watching for file changes.
c11:56:46 PM - File change detected. Starting incremental compilation...

controllers/StripeProductController.ts(243,31): error TS1005: ',' expected.
controllers/etasController copy.ts(3,38): error TS1005: ':' expected.

11:56:46 PM - Found 2 errors. Watching for file changes.
c11:56:50 PM - File change detected. Starting incremental compilation...

controllers/StripeProductController.ts(243,35): error TS1005: ',' expected.
controllers/etasController copy.ts(3,38): error TS1005: ':' expected.

11:56:50 PM - Found 2 errors. Watching for file changes.
c11:56:51 PM - File change detected. Starting incremental compilation...

controllers/StripeProductController.ts(243,36): error TS1005: ',' expected.
controllers/etasController copy.ts(3,38): error TS1005: ':' expected.

11:56:51 PM - Found 2 errors. Watching for file changes.
c11:56:54 PM - File change detected. Starting incremental compilation...

controllers/etasController copy.ts(3,38): error TS1005: ':' expected.

11:56:54 PM - Found 1 error. Watching for file changes.
c11:56:55 PM - File change detected. Starting incremental compilation...

controllers/etasController copy.ts(3,38): error TS1005: ':' expected.

11:56:55 PM - Found 1 error. Watching for file changes.
c11:57:13 PM - File change detected. Starting incremental compilation...

controllers/etasController copy.ts(3,38): error TS1005: ':' expected.

11:57:14 PM - Found 1 error. Watching for file changes.
c11:57:15 PM - File change detected. Starting incremental compilation...

controllers/etasController copy.ts(3,38): error TS1005: ':' expected.

11:57:15 PM - Found 1 error. Watching for file changes.
c11:57:34 PM - File change detected. Starting incremental compilation...

controllers/etasController copy.ts(3,38): error TS1005: ':' expected.

11:57:34 PM - Found 1 error. Watching for file changes.
c11:57:35 PM - File change detected. Starting incremental compilation...

controllers/etasController copy.ts(3,38): error TS1005: ':' expected.

11:57:35 PM - Found 1 error. Watching for file changes.
c11:57:44 PM - File change detected. Starting incremental compilation...

controllers/etasController copy.ts(3,38): error TS1005: ':' expected.

11:57:45 PM - Found 1 error. Watching for file changes.
c11:57:49 PM - File change detected. Starting incremental compilation...

controllers/etasController copy.ts(3,38): error TS1005: ':' expected.

11:57:50 PM - Found 1 error. Watching for file changes.
c11:57:51 PM - File change detected. Starting incremental compilation...

controllers/etasController copy.ts(3,38): error TS1005: ':' expected.

11:57:51 PM - Found 1 error. Watching for file changes.
c11:58:01 PM - File change detected. Starting incremental compilation...

controllers/etasController copy.ts(3,38): error TS1005: ':' expected.

11:58:01 PM - Found 1 error. Watching for file changes.
c11:58:04 PM - File change detected. Starting incremental compilation...

controllers/etasController copy.ts(3,38): error TS1005: ':' expected.

11:58:04 PM - Found 1 error. Watching for file changes.
c11:58:05 PM - File change detected. Starting incremental compilation...

controllers/etasController copy.ts(3,38): error TS1005: ':' expected.

11:58:05 PM - Found 1 error. Watching for file changes.
c11:58:11 PM - File change detected. Starting incremental compilation...

controllers/etasController copy.ts(3,38): error TS1005: ':' expected.

11:58:11 PM - Found 1 error. Watching for file changes.
c11:58:12 PM - File change detected. Starting incremental compilation...

controllers/etasController copy.ts(3,38): error TS1005: ':' expected.

11:58:12 PM - Found 1 error. Watching for file changes.
c11:58:27 PM - File change detected. Starting incremental compilation...

controllers/etasController copy.ts(3,38): error TS1005: ':' expected.

11:58:28 PM - Found 1 error. Watching for file changes.
c11:58:35 PM - File change detected. Starting incremental compilation...

controllers/etasController copy.ts(3,38): error TS1005: ':' expected.

11:58:35 PM - Found 1 error. Watching for file changes.
c11:58:43 PM - File change detected. Starting incremental compilation...

controllers/etasController copy.ts(3,38): error TS1005: ':' expected.

11:58:43 PM - Found 1 error. Watching for file changes.
c11:58:46 PM - File change detected. Starting incremental compilation...

controllers/etasController copy.ts(3,38): error TS1005: ':' expected.

11:58:46 PM - Found 1 error. Watching for file changes.
c11:58:47 PM - File change detected. Starting incremental compilation...

controllers/etasController copy.ts(3,38): error TS1005: ':' expected.

11:58:47 PM - Found 1 error. Watching for file changes.
c11:59:40 PM - File change detected. Starting incremental compilation...

controllers/etasController copy.ts(3,38): error TS1005: ':' expected.

11:59:41 PM - Found 1 error. Watching for file changes.
c11:59:42 PM - File change detected. Starting incremental compilation...

controllers/etasController copy.ts(3,38): error TS1005: ':' expected.

11:59:42 PM - Found 1 error. Watching for file changes.
c11:59:58 PM - File change detected. Starting incremental compilation...

controllers/etasController copy.ts(3,38): error TS1005: ':' expected.

11:59:58 PM - Found 1 error. Watching for file changes.
c12:00:07 AM - File change detected. Starting incremental compilation...

controllers/etasController copy.ts(3,38): error TS1005: ':' expected.

12:00:07 AM - Found 1 error. Watching for file changes.
c12:00:08 AM - File change detected. Starting incremental compilation...

controllers/etasController copy.ts(3,38): error TS1005: ':' expected.

12:00:08 AM - Found 1 error. Watching for file changes.
c12:00:16 AM - File change detected. Starting incremental compilation...

controllers/etasController copy.ts(3,38): error TS1005: ':' expected.

12:00:16 AM - Found 1 error. Watching for file changes.
c12:00:26 AM - File change detected. Starting incremental compilation...

controllers/etasController copy.ts(3,38): error TS1005: ':' expected.

12:00:26 AM - Found 1 error. Watching for file changes.
c12:00:35 AM - File change detected. Starting incremental compilation...

controllers/StripeProductController.ts(243,25): error TS1109: Expression expected.
controllers/StripeProductController.ts(243,26): error TS1109: Expression expected.
controllers/etasController copy.ts(3,38): error TS1005: ':' expected.

12:00:35 AM - Found 3 errors. Watching for file changes.
c12:00:51 AM - File change detected. Starting incremental compilation...

controllers/etasController copy.ts(3,38): error TS1005: ':' expected.

12:00:51 AM - Found 1 error. Watching for file changes.
c12:00:56 AM - File change detected. Starting incremental compilation...

controllers/etasController copy.ts(3,38): error TS1005: ':' expected.

12:00:57 AM - Found 1 error. Watching for file changes.
c12:00:58 AM - File change detected. Starting incremental compilation...

controllers/etasController copy.ts(3,38): error TS1005: ':' expected.

12:00:58 AM - Found 1 error. Watching for file changes.
c12:01:01 AM - File change detected. Starting incremental compilation...

controllers/etasController copy.ts(3,38): error TS1005: ':' expected.

12:01:01 AM - Found 1 error. Watching for file changes.
c12:01:13 AM - File change detected. Starting incremental compilation...

controllers/etasController copy.ts(3,38): error TS1005: ':' expected.

12:01:13 AM - Found 1 error. Watching for file changes.
c12:01:37 AM - File change detected. Starting incremental compilation...

controllers/etasController copy.ts(3,38): error TS1005: ':' expected.

12:01:37 AM - Found 1 error. Watching for file changes.
c12:01:38 AM - File change detected. Starting incremental compilation...

controllers/etasController copy.ts(3,38): error TS1005: ':' expected.

12:01:38 AM - Found 1 error. Watching for file changes.
c12:02:19 AM - File change detected. Starting incremental compilation...

controllers/etasController copy.ts(3,38): error TS1005: ':' expected.

12:02:20 AM - Found 1 error. Watching for file changes.
c12:02:49 AM - File change detected. Starting incremental compilation...

controllers/etasController copy.ts(3,38): error TS1005: ':' expected.

12:02:49 AM - Found 1 error. Watching for file changes.
c12:02:57 AM - File change detected. Starting incremental compilation...

controllers/etasController copy.ts(3,38): error TS1005: ':' expected.

12:02:57 AM - Found 1 error. Watching for file changes.
c12:02:59 AM - File change detected. Starting incremental compilation...

controllers/etasController copy.ts(3,38): error TS1005: ':' expected.

12:02:59 AM - Found 1 error. Watching for file changes.
c12:08:42 AM - File change detected. Starting incremental compilation...

controllers/etasController copy.ts(3,38): error TS1005: ':' expected.

12:08:42 AM - Found 1 error. Watching for file changes.
c12:08:47 AM - File change detected. Starting incremental compilation...

controllers/etasController copy.ts(3,38): error TS1005: ':' expected.

12:08:47 AM - Found 1 error. Watching for file changes.
c12:08:55 AM - File change detected. Starting incremental compilation...

controllers/etasController copy.ts(3,38): error TS1005: ':' expected.

12:08:55 AM - Found 1 error. Watching for file changes.
c12:09:05 AM - File change detected. Starting incremental compilation...

controllers/etasController copy.ts(3,38): error TS1005: ':' expected.

12:09:05 AM - Found 1 error. Watching for file changes.
c12:09:06 AM - File change detected. Starting incremental compilation...

controllers/etasController copy.ts(3,38): error TS1005: ':' expected.

12:09:07 AM - Found 1 error. Watching for file changes.
c12:09:21 AM - File change detected. Starting incremental compilation...

controllers/etasController copy.ts(3,38): error TS1005: ':' expected.

12:09:21 AM - Found 1 error. Watching for file changes.
c12:09:22 AM - File change detected. Starting incremental compilation...

controllers/etasController copy.ts(3,38): error TS1005: ':' expected.

12:09:22 AM - Found 1 error. Watching for file changes.
c12:10:01 AM - File change detected. Starting incremental compilation...

controllers/etasController copy.ts(3,38): error TS1005: ':' expected.

12:10:02 AM - Found 1 error. Watching for file changes.
c12:10:03 AM - File change detected. Starting incremental compilation...

controllers/etasController copy.ts(3,38): error TS1005: ':' expected.

12:10:04 AM - Found 1 error. Watching for file changes.
c12:11:12 AM - File change detected. Starting incremental compilation...

controllers/etasController copy.ts(3,38): error TS1005: ':' expected.

12:11:13 AM - Found 1 error. Watching for file changes.
c12:11:30 AM - File change detected. Starting incremental compilation...

controllers/etasController copy.ts(3,38): error TS1005: ':' expected.

12:11:30 AM - Found 1 error. Watching for file changes.
c12:12:15 AM - File change detected. Starting incremental compilation...

controllers/etasController copy.ts(3,38): error TS1005: ':' expected.

12:12:15 AM - Found 1 error. Watching for file changes.
c12:12:16 AM - File change detected. Starting incremental compilation...

controllers/etasController copy.ts(3,38): error TS1005: ':' expected.

12:12:16 AM - Found 1 error. Watching for file changes.
c12:12:17 AM - File change detected. Starting incremental compilation...

controllers/etasController copy.ts(3,38): error TS1005: ':' expected.

12:12:17 AM - Found 1 error. Watching for file changes.
c12:14:45 AM - File change detected. Starting incremental compilation...

controllers/etasController copy.ts(3,38): error TS1005: ':' expected.

12:14:45 AM - Found 1 error. Watching for file changes.
c12:17:42 AM - File change detected. Starting incremental compilation...

controllers/StripeProductController.ts(333,1): error TS1128: Declaration or statement expected.
controllers/etasController copy.ts(3,38): error TS1005: ':' expected.

12:17:43 AM - Found 2 errors. Watching for file changes.
c12:17:47 AM - File change detected. Starting incremental compilation...

controllers/etasController copy.ts(3,38): error TS1005: ':' expected.

12:17:47 AM - Found 1 error. Watching for file changes.
c12:17:50 AM - File change detected. Starting incremental compilation...

controllers/StripeProductController.ts(336,26): error TS1005: ';' expected.
controllers/etasController copy.ts(3,38): error TS1005: ':' expected.

12:17:51 AM - Found 2 errors. Watching for file changes.
c12:17:59 AM - File change detected. Starting incremental compilation...

controllers/etasController copy.ts(3,38): error TS1005: ':' expected.

12:17:59 AM - Found 1 error. Watching for file changes.
c12:18:06 AM - File change detected. Starting incremental compilation...

controllers/etasController copy.ts(3,38): error TS1005: ':' expected.

12:18:07 AM - Found 1 error. Watching for file changes.
c12:18:17 AM - File change detected. Starting incremental compilation...

controllers/etasController copy.ts(3,38): error TS1005: ':' expected.

12:18:18 AM - Found 1 error. Watching for file changes.
c12:18:23 AM - File change detected. Starting incremental compilation...

controllers/etasController copy.ts(3,38): error TS1005: ':' expected.

12:18:23 AM - Found 1 error. Watching for file changes.
c12:18:24 AM - File change detected. Starting incremental compilation...

controllers/etasController copy.ts(3,38): error TS1005: ':' expected.

12:18:24 AM - Found 1 error. Watching for file changes.
c12:18:33 AM - File change detected. Starting incremental compilation...

controllers/etasController copy.ts(3,38): error TS1005: ':' expected.

12:18:33 AM - Found 1 error. Watching for file changes.
c12:18:39 AM - File change detected. Starting incremental compilation...

controllers/etasController copy.ts(3,38): error TS1005: ':' expected.

12:18:39 AM - Found 1 error. Watching for file changes.
c12:18:46 AM - File change detected. Starting incremental compilation...

controllers/etasController copy.ts(3,38): error TS1005: ':' expected.

12:18:46 AM - Found 1 error. Watching for file changes.
c12:18:47 AM - File change detected. Starting incremental compilation...

controllers/etasController copy.ts(3,38): error TS1005: ':' expected.

12:18:48 AM - Found 1 error. Watching for file changes.
c12:18:48 AM - File change detected. Starting incremental compilation...

controllers/etasController copy.ts(3,38): error TS1005: ':' expected.

12:18:49 AM - Found 1 error. Watching for file changes.
c12:18:55 AM - File change detected. Starting incremental compilation...

controllers/etasController copy.ts(3,38): error TS1005: ':' expected.

12:18:55 AM - Found 1 error. Watching for file changes.
c12:18:56 AM - File change detected. Starting incremental compilation...

controllers/etasController copy.ts(3,38): error TS1005: ':' expected.

12:18:56 AM - Found 1 error. Watching for file changes.
c12:19:04 AM - File change detected. Starting incremental compilation...

controllers/etasController copy.ts(3,38): error TS1005: ':' expected.

12:19:05 AM - Found 1 error. Watching for file changes.
c12:19:20 AM - File change detected. Starting incremental compilation...

controllers/etasController copy.ts(3,38): error TS1005: ':' expected.

12:19:20 AM - Found 1 error. Watching for file changes.
c12:20:03 AM - File change detected. Starting incremental compilation...

controllers/etasController copy.ts(3,38): error TS1005: ':' expected.

12:20:03 AM - Found 1 error. Watching for file changes.
c12:20:45 AM - File change detected. Starting incremental compilation...

controllers/etasController copy.ts(3,38): error TS1005: ':' expected.

12:20:45 AM - Found 1 error. Watching for file changes.
c12:21:14 AM - File change detected. Starting incremental compilation...

controllers/etasController copy.ts(3,38): error TS1005: ':' expected.

12:21:14 AM - Found 1 error. Watching for file changes.
c12:21:38 AM - File change detected. Starting incremental compilation...

controllers/etasController copy.ts(3,38): error TS1005: ':' expected.

12:21:39 AM - Found 1 error. Watching for file changes.
c12:21:44 AM - File change detected. Starting incremental compilation...

controllers/etasController copy.ts(3,38): error TS1005: ':' expected.

12:21:44 AM - Found 1 error. Watching for file changes.
c12:22:15 AM - File change detected. Starting incremental compilation...

controllers/etasController copy.ts(3,38): error TS1005: ':' expected.

12:22:15 AM - Found 1 error. Watching for file changes.
c12:22:26 AM - File change detected. Starting incremental compilation...

controllers/etasController copy.ts(3,38): error TS1005: ':' expected.

12:22:26 AM - Found 1 error. Watching for file changes.
c12:22:38 AM - File change detected. Starting incremental compilation...

controllers/etasController copy.ts(3,38): error TS1005: ':' expected.

12:22:39 AM - Found 1 error. Watching for file changes.
c12:22:43 AM - File change detected. Starting incremental compilation...

controllers/etasController copy.ts(3,38): error TS1005: ':' expected.

12:22:43 AM - Found 1 error. Watching for file changes.
c12:23:07 AM - File change detected. Starting incremental compilation...

controllers/etasController copy.ts(3,38): error TS1005: ':' expected.

12:23:08 AM - Found 1 error. Watching for file changes.
c12:23:20 AM - File change detected. Starting incremental compilation...

controllers/etasController copy.ts(3,38): error TS1005: ':' expected.

12:23:20 AM - Found 1 error. Watching for file changes.
c12:23:38 AM - File change detected. Starting incremental compilation...

controllers/etasController copy.ts(3,38): error TS1005: ':' expected.

12:23:38 AM - Found 1 error. Watching for file changes.
c12:23:58 AM - File change detected. Starting incremental compilation...

controllers/etasController copy.ts(3,38): error TS1005: ':' expected.

12:23:58 AM - Found 1 error. Watching for file changes.
c12:23:59 AM - File change detected. Starting incremental compilation...

controllers/etasController copy.ts(3,38): error TS1005: ':' expected.

12:23:59 AM - Found 1 error. Watching for file changes.
c12:24:24 AM - File change detected. Starting incremental compilation...

controllers/etasController copy.ts(3,38): error TS1005: ':' expected.

12:24:24 AM - Found 1 error. Watching for file changes.
c12:25:21 AM - File change detected. Starting incremental compilation...

controllers/etasController copy.ts(3,38): error TS1005: ':' expected.

12:25:22 AM - Found 1 error. Watching for file changes.
c12:25:38 AM - File change detected. Starting incremental compilation...

controllers/etasController copy.ts(3,38): error TS1005: ':' expected.

12:25:38 AM - Found 1 error. Watching for file changes.
c12:25:41 AM - File change detected. Starting incremental compilation...

controllers/etasController copy.ts(3,38): error TS1005: ':' expected.

12:25:41 AM - Found 1 error. Watching for file changes.
c12:26:07 AM - File change detected. Starting incremental compilation...

controllers/etasController copy.ts(3,38): error TS1005: ':' expected.

12:26:08 AM - Found 1 error. Watching for file changes.
c12:27:47 AM - File change detected. Starting incremental compilation...

controllers/etasController copy.ts(3,38): error TS1005: ':' expected.

12:27:47 AM - Found 1 error. Watching for file changes.
c12:28:57 AM - File change detected. Starting incremental compilation...

controllers/etasController copy.ts(3,38): error TS1005: ':' expected.

12:28:57 AM - Found 1 error. Watching for file changes.
c12:28:59 AM - File change detected. Starting incremental compilation...

controllers/etasController copy.ts(3,38): error TS1005: ':' expected.

12:28:59 AM - Found 1 error. Watching for file changes.
c12:29:06 AM - File change detected. Starting incremental compilation...

controllers/etasController copy.ts(3,38): error TS1005: ':' expected.

12:29:07 AM - Found 1 error. Watching for file changes.
c12:29:07 AM - File change detected. Starting incremental compilation...

controllers/etasController copy.ts(3,38): error TS1005: ':' expected.

12:29:07 AM - Found 1 error. Watching for file changes.
c12:29:22 AM - File change detected. Starting incremental compilation...

controllers/etasController copy.ts(3,38): error TS1005: ':' expected.

12:29:23 AM - Found 1 error. Watching for file changes.
c12:31:29 AM - File change detected. Starting incremental compilation...

controllers/etasController copy.ts(3,38): error TS1005: ':' expected.

12:31:29 AM - Found 1 error. Watching for file changes.
c12:31:41 AM - File change detected. Starting incremental compilation...

controllers/etasController copy.ts(3,38): error TS1005: ':' expected.

12:31:41 AM - Found 1 error. Watching for file changes.
c12:32:17 AM - File change detected. Starting incremental compilation...

controllers/etasController copy.ts(3,38): error TS1005: ':' expected.

12:32:17 AM - Found 1 error. Watching for file changes.
c12:32:17 AM - File change detected. Starting incremental compilation...

controllers/etasController copy.ts(3,38): error TS1005: ':' expected.

12:32:18 AM - Found 1 error. Watching for file changes.
c12:34:09 AM - File change detected. Starting incremental compilation...

controllers/etasController copy.ts(3,38): error TS1005: ':' expected.

12:34:09 AM - Found 1 error. Watching for file changes.
c12:34:49 AM - File change detected. Starting incremental compilation...

controllers/etasController copy.ts(3,38): error TS1005: ':' expected.

12:34:50 AM - Found 1 error. Watching for file changes.
